{"/home/travis/build/npmtest/node-npmtest-ticons/test.js":{"path":"/home/travis/build/npmtest/node-npmtest-ticons/test.js","s":{"1":2,"2":2,"3":2,"4":2,"5":2,"6":2,"7":2,"8":1,"9":2,"10":2,"11":1,"12":1,"13":1,"14":1,"15":2,"16":2,"17":2,"18":2,"19":1,"20":1,"21":2,"22":2,"23":2,"24":1,"25":1,"26":1,"27":1,"28":1,"29":1,"30":1,"31":1,"32":1,"33":1,"34":1,"35":1,"36":1,"37":1,"38":1,"39":2,"40":2,"41":1,"42":2,"43":2,"44":1,"45":2,"46":2,"47":1,"48":2,"49":2,"50":1,"51":1,"52":1,"53":1,"54":1},"b":{"1":[2,1,1,1],"2":[1,1,1,1],"3":[1,1],"4":[1,1],"5":[1,1],"6":[1,1],"7":[1,1],"8":[1,1],"9":[1,1],"10":[1,1,1],"11":[1,1],"12":[1,1],"13":[1,1],"14":[1,1],"15":[1,1],"16":[1,1],"17":[1,1]},"f":{"1":2,"2":2,"3":2,"4":2,"5":2,"6":1,"7":1,"8":1,"9":2,"10":2,"11":2,"12":2,"13":1},"fnMap":{"1":{"name":"(anonymous_1)","line":12,"loc":{"start":{"line":12,"column":1},"end":{"line":12,"column":13}}},"2":{"name":"(anonymous_2)","line":19,"loc":{"start":{"line":19,"column":5},"end":{"line":19,"column":17}}},"3":{"name":"(anonymous_3)","line":23,"loc":{"start":{"line":23,"column":24},"end":{"line":23,"column":36}}},"4":{"name":"(anonymous_4)","line":61,"loc":{"start":{"line":61,"column":5},"end":{"line":61,"column":17}}},"5":{"name":"(anonymous_5)","line":82,"loc":{"start":{"line":82,"column":5},"end":{"line":82,"column":17}}},"6":{"name":"(anonymous_6)","line":91,"loc":{"start":{"line":91,"column":77},"end":{"line":94,"column":10}}},"7":{"name":"(anonymous_7)","line":112,"loc":{"start":{"line":112,"column":83},"end":{"line":115,"column":10}},"skip":true},"8":{"name":"(anonymous_8)","line":123,"loc":{"start":{"line":123,"column":77},"end":{"line":126,"column":10}},"skip":true},"9":{"name":"(anonymous_9)","line":139,"loc":{"start":{"line":139,"column":12},"end":{"line":139,"column":40}},"skip":true},"10":{"name":"(anonymous_10)","line":147,"loc":{"start":{"line":147,"column":77},"end":{"line":150,"column":10}},"skip":true},"11":{"name":"(anonymous_11)","line":158,"loc":{"start":{"line":158,"column":83},"end":{"line":161,"column":10}},"skip":true},"12":{"name":"(anonymous_12)","line":169,"loc":{"start":{"line":169,"column":79},"end":{"line":172,"column":10}},"skip":true},"13":{"name":"(anonymous_13)","line":180,"loc":{"start":{"line":180,"column":75},"end":{"line":183,"column":10}},"skip":true}},"statementMap":{"1":{"start":{"line":12,"column":0},"end":{"line":195,"column":5}},"2":{"start":{"line":14,"column":4},"end":{"line":14,"column":14}},"3":{"start":{"line":19,"column":4},"end":{"line":56,"column":9}},"4":{"start":{"line":21,"column":8},"end":{"line":21,"column":19}},"5":{"start":{"line":23,"column":8},"end":{"line":35,"column":13}},"6":{"start":{"line":24,"column":12},"end":{"line":34,"column":13}},"7":{"start":{"line":25,"column":16},"end":{"line":28,"column":30}},"8":{"start":{"line":30,"column":16},"end":{"line":33,"column":27}},"9":{"start":{"line":37,"column":8},"end":{"line":39,"column":21}},"10":{"start":{"line":40,"column":8},"end":{"line":53,"column":9}},"11":{"start":{"line":43,"column":12},"end":{"line":46,"column":14}},"12":{"start":{"line":47,"column":12},"end":{"line":47,"column":18}},"13":{"start":{"line":50,"column":12},"end":{"line":51,"column":46}},"14":{"start":{"line":52,"column":12},"end":{"line":52,"column":18}},"15":{"start":{"line":55,"column":8},"end":{"line":55,"column":35}},"16":{"start":{"line":61,"column":4},"end":{"line":63,"column":9}},"17":{"start":{"line":62,"column":8},"end":{"line":62,"column":15}},"18":{"start":{"line":64,"column":4},"end":{"line":77,"column":5}},"19":{"start":{"line":70,"column":8},"end":{"line":70,"column":14}},"20":{"start":{"line":76,"column":8},"end":{"line":76,"column":14}},"21":{"start":{"line":82,"column":4},"end":{"line":84,"column":9}},"22":{"start":{"line":83,"column":8},"end":{"line":83,"column":15}},"23":{"start":{"line":85,"column":4},"end":{"line":194,"column":5}},"24":{"start":{"line":91,"column":8},"end":{"line":99,"column":10}},"25":{"start":{"line":98,"column":12},"end":{"line":98,"column":35}},"26":{"start":{"line":102,"column":8},"end":{"line":104,"column":63}},"27":{"start":{"line":105,"column":8},"end":{"line":105,"column":14}},"28":{"start":{"line":112,"column":8},"end":{"line":121,"column":10},"skip":true},"29":{"start":{"line":119,"column":12},"end":{"line":119,"column":55},"skip":true},"30":{"start":{"line":120,"column":12},"end":{"line":120,"column":48},"skip":true},"31":{"start":{"line":123,"column":8},"end":{"line":136,"column":10},"skip":true},"32":{"start":{"line":130,"column":12},"end":{"line":130,"column":76},"skip":true},"33":{"start":{"line":131,"column":12},"end":{"line":131,"column":73},"skip":true},"34":{"start":{"line":132,"column":12},"end":{"line":132,"column":74},"skip":true},"35":{"start":{"line":133,"column":12},"end":{"line":133,"column":79},"skip":true},"36":{"start":{"line":134,"column":12},"end":{"line":134,"column":25},"skip":true},"37":{"start":{"line":135,"column":12},"end":{"line":135,"column":45},"skip":true},"38":{"start":{"line":138,"column":8},"end":{"line":145,"column":14},"skip":true},"39":{"start":{"line":143,"column":16},"end":{"line":143,"column":29},"skip":true},"40":{"start":{"line":144,"column":16},"end":{"line":144,"column":55},"skip":true},"41":{"start":{"line":147,"column":8},"end":{"line":156,"column":10},"skip":true},"42":{"start":{"line":154,"column":12},"end":{"line":154,"column":25},"skip":true},"43":{"start":{"line":155,"column":12},"end":{"line":155,"column":45},"skip":true},"44":{"start":{"line":158,"column":8},"end":{"line":167,"column":10},"skip":true},"45":{"start":{"line":165,"column":12},"end":{"line":165,"column":25},"skip":true},"46":{"start":{"line":166,"column":12},"end":{"line":166,"column":48},"skip":true},"47":{"start":{"line":169,"column":8},"end":{"line":178,"column":10},"skip":true},"48":{"start":{"line":176,"column":12},"end":{"line":176,"column":25},"skip":true},"49":{"start":{"line":177,"column":12},"end":{"line":177,"column":46},"skip":true},"50":{"start":{"line":180,"column":8},"end":{"line":189,"column":10},"skip":true},"51":{"start":{"line":187,"column":12},"end":{"line":187,"column":94},"skip":true},"52":{"start":{"line":188,"column":12},"end":{"line":188,"column":48},"skip":true},"53":{"start":{"line":192,"column":8},"end":{"line":192,"column":35},"skip":true},"54":{"start":{"line":193,"column":8},"end":{"line":193,"column":14},"skip":true}},"branchMap":{"1":{"line":25,"type":"binary-expr","locations":[{"start":{"line":25,"column":23},"end":{"line":25,"column":62}},{"start":{"line":26,"column":20},"end":{"line":26,"column":70}},{"start":{"line":27,"column":20},"end":{"line":27,"column":71}},{"start":{"line":28,"column":20},"end":{"line":28,"column":29}}]},"2":{"line":30,"type":"binary-expr","locations":[{"start":{"line":30,"column":23},"end":{"line":30,"column":37}},{"start":{"line":31,"column":20},"end":{"line":31,"column":61}},{"start":{"line":32,"column":20},"end":{"line":32,"column":70}},{"start":{"line":33,"column":20},"end":{"line":33,"column":26}}]},"3":{"line":37,"type":"cond-expr","locations":[{"start":{"line":38,"column":14},"end":{"line":38,"column":20}},{"start":{"line":39,"column":14},"end":{"line":39,"column":20}}]},"4":{"line":40,"type":"switch","locations":[{"start":{"line":42,"column":8},"end":{"line":47,"column":18}},{"start":{"line":49,"column":8},"end":{"line":52,"column":18}}]},"5":{"line":44,"type":"binary-expr","locations":[{"start":{"line":44,"column":16},"end":{"line":44,"column":44}},{"start":{"line":44,"column":48},"end":{"line":44,"column":66}}]},"6":{"line":50,"type":"binary-expr","locations":[{"start":{"line":50,"column":21},"end":{"line":50,"column":49}},{"start":{"line":50,"column":53},"end":{"line":50,"column":72}}]},"7":{"line":64,"type":"switch","locations":[{"start":{"line":69,"column":4},"end":{"line":70,"column":14}},{"start":{"line":75,"column":4},"end":{"line":76,"column":14}}]},"8":{"line":85,"type":"switch","locations":[{"start":{"line":90,"column":4},"end":{"line":105,"column":14}},{"start":{"line":111,"column":4},"end":{"line":193,"column":14},"skip":true}]},"9":{"line":91,"type":"binary-expr","locations":[{"start":{"line":91,"column":42},"end":{"line":91,"column":73}},{"start":{"line":91,"column":77},"end":{"line":99,"column":9}}]},"10":{"line":102,"type":"binary-expr","locations":[{"start":{"line":102,"column":18},"end":{"line":102,"column":32}},{"start":{"line":103,"column":12},"end":{"line":103,"column":53}},{"start":{"line":104,"column":12},"end":{"line":104,"column":61}}]},"11":{"line":112,"type":"binary-expr","locations":[{"start":{"line":112,"column":45},"end":{"line":112,"column":79},"skip":true},{"start":{"line":112,"column":83},"end":{"line":121,"column":9},"skip":true}]},"12":{"line":123,"type":"binary-expr","locations":[{"start":{"line":123,"column":42},"end":{"line":123,"column":73},"skip":true},{"start":{"line":123,"column":77},"end":{"line":136,"column":9},"skip":true}]},"13":{"line":138,"type":"binary-expr","locations":[{"start":{"line":138,"column":48},"end":{"line":138,"column":85},"skip":true},{"start":{"line":139,"column":12},"end":{"line":145,"column":13},"skip":true}]},"14":{"line":147,"type":"binary-expr","locations":[{"start":{"line":147,"column":42},"end":{"line":147,"column":73},"skip":true},{"start":{"line":147,"column":77},"end":{"line":156,"column":9},"skip":true}]},"15":{"line":158,"type":"binary-expr","locations":[{"start":{"line":158,"column":45},"end":{"line":158,"column":79},"skip":true},{"start":{"line":158,"column":83},"end":{"line":167,"column":9},"skip":true}]},"16":{"line":169,"type":"binary-expr","locations":[{"start":{"line":169,"column":43},"end":{"line":169,"column":75},"skip":true},{"start":{"line":169,"column":79},"end":{"line":178,"column":9},"skip":true}]},"17":{"line":180,"type":"binary-expr","locations":[{"start":{"line":180,"column":41},"end":{"line":180,"column":71},"skip":true},{"start":{"line":180,"column":75},"end":{"line":189,"column":9},"skip":true}]}},"code":["/* istanbul instrument in package npmtest_ticons */","/*jslint","    bitwise: true,","    browser: true,","    maxerr: 8,","    maxlen: 96,","    node: true,","    nomen: true,","    regexp: true,","    stupid: true","*/","(function () {","    'use strict';","    var local;","","","","    // run shared js-env code - pre-init","    (function () {","        // init local","        local = {};","        // init modeJs","        local.modeJs = (function () {","            try {","                return typeof navigator.userAgent === 'string' &&","                    typeof document.querySelector('body') === 'object' &&","                    typeof XMLHttpRequest.prototype.open === 'function' &&","                    'browser';","            } catch (errorCaughtBrowser) {","                return module.exports &&","                    typeof process.versions.node === 'string' &&","                    typeof require('http').createServer === 'function' &&","                    'node';","            }","        }());","        // init global","        local.global = local.modeJs === 'browser'","            ? window","            : global;","        switch (local.modeJs) {","        // re-init local from window.local","        case 'browser':","            local = local.global.utility2.objectSetDefault(","                local.global.utility2_rollup || local.global.local,","                local.global.utility2","            );","            break;","        // re-init local from example.js","        case 'node':","            local = (local.global.utility2_rollup || require('utility2'))","                .requireExampleJsFromReadme();","            break;","        }","        // export local","        local.global.local = local;","    }());","","","","    // run shared js-env code - function","    (function () {","        return;","    }());","    switch (local.modeJs) {","","","","    // run browser js-env code - function","    case 'browser':","        break;","","","","    // run node js-env code - function","    case 'node':","        break;","    }","","","","    // run shared js-env code - post-init","    (function () {","        return;","    }());","    switch (local.modeJs) {","","","","    // run browser js-env code - post-init","    case 'browser':","        local.testCase_browser_nullCase = local.testCase_browser_nullCase || function (","            options,","            onError","        ) {","        /*","         * this function will test browsers's null-case handling-behavior-behavior","         */","            onError(null, options);","        };","","        // run tests","        local.nop(local.modeTest &&","            document.querySelector('#testRunButton1') &&","            document.querySelector('#testRunButton1').click());","        break;","","","","    // run node js-env code - post-init","    /* istanbul ignore next */","    case 'node':","        local.testCase_buildApidoc_default = local.testCase_buildApidoc_default || function (","            options,","            onError","        ) {","        /*","         * this function will test buildApidoc's default handling-behavior-behavior","         */","            options = { modulePathList: module.paths };","            local.buildApidoc(options, onError);","        };","","        local.testCase_buildApp_default = local.testCase_buildApp_default || function (","            options,","            onError","        ) {","        /*","         * this function will test buildApp's default handling-behavior-behavior","         */","            local.testCase_buildReadme_default(options, local.onErrorThrow);","            local.testCase_buildLib_default(options, local.onErrorThrow);","            local.testCase_buildTest_default(options, local.onErrorThrow);","            local.testCase_buildCustomOrg_default(options, local.onErrorThrow);","            options = [];","            local.buildApp(options, onError);","        };","","        local.testCase_buildCustomOrg_default = local.testCase_buildCustomOrg_default ||","            function (options, onError) {","            /*","             * this function will test buildCustomOrg's default handling-behavior","             */","                options = {};","                local.buildCustomOrg(options, onError);","            };","","        local.testCase_buildLib_default = local.testCase_buildLib_default || function (","            options,","            onError","        ) {","        /*","         * this function will test buildLib's default handling-behavior","         */","            options = {};","            local.buildLib(options, onError);","        };","","        local.testCase_buildReadme_default = local.testCase_buildReadme_default || function (","            options,","            onError","        ) {","        /*","         * this function will test buildReadme's default handling-behavior-behavior","         */","            options = {};","            local.buildReadme(options, onError);","        };","","        local.testCase_buildTest_default = local.testCase_buildTest_default || function (","            options,","            onError","        ) {","        /*","         * this function will test buildTest's default handling-behavior","         */","            options = {};","            local.buildTest(options, onError);","        };","","        local.testCase_webpage_default = local.testCase_webpage_default || function (","            options,","            onError","        ) {","        /*","         * this function will test webpage's default handling-behavior","         */","            options = { modeCoverageMerge: true, url: local.serverLocalHost + '?modeTest=1' };","            local.browserTest(options, onError);","        };","","        // run test-server","        local.testRunServer(local);","        break;","    }","}());",""],"l":{"12":2,"14":2,"19":2,"21":2,"23":2,"24":2,"25":2,"30":1,"37":2,"40":2,"43":1,"47":1,"50":1,"52":1,"55":2,"61":2,"62":2,"64":2,"70":1,"76":1,"82":2,"83":2,"85":2,"91":1,"98":1,"102":1,"105":1,"112":1,"119":1,"120":1,"123":1,"130":1,"131":1,"132":1,"133":1,"134":1,"135":1,"138":1,"143":2,"144":2,"147":1,"154":2,"155":2,"158":1,"165":2,"166":2,"169":1,"176":2,"177":2,"180":1,"187":1,"188":1,"192":1,"193":1}},"/home/travis/build/npmtest/node-npmtest-ticons/lib.npmtest_ticons.js":{"path":"/home/travis/build/npmtest/node-npmtest-ticons/lib.npmtest_ticons.js","s":{"1":2,"2":2,"3":2,"4":2,"5":2,"6":2,"7":2,"8":1,"9":2,"10":2,"11":2,"12":2,"13":1,"14":1,"15":1,"16":1},"b":{"1":[2,1,1,1],"2":[1,1,1,1],"3":[1,1],"4":[2,2],"5":[1,1]},"f":{"1":2,"2":2,"3":2},"fnMap":{"1":{"name":"(anonymous_1)","line":12,"loc":{"start":{"line":12,"column":1},"end":{"line":12,"column":13}}},"2":{"name":"(anonymous_2)","line":19,"loc":{"start":{"line":19,"column":5},"end":{"line":19,"column":17}}},"3":{"name":"(anonymous_3)","line":23,"loc":{"start":{"line":23,"column":24},"end":{"line":23,"column":36}}}},"statementMap":{"1":{"start":{"line":12,"column":0},"end":{"line":53,"column":5}},"2":{"start":{"line":14,"column":4},"end":{"line":14,"column":14}},"3":{"start":{"line":19,"column":4},"end":{"line":52,"column":9}},"4":{"start":{"line":21,"column":8},"end":{"line":21,"column":19}},"5":{"start":{"line":23,"column":8},"end":{"line":35,"column":13}},"6":{"start":{"line":24,"column":12},"end":{"line":34,"column":13}},"7":{"start":{"line":25,"column":16},"end":{"line":28,"column":30}},"8":{"start":{"line":30,"column":16},"end":{"line":33,"column":27}},"9":{"start":{"line":37,"column":8},"end":{"line":39,"column":21}},"10":{"start":{"line":41,"column":8},"end":{"line":41,"column":54}},"11":{"start":{"line":43,"column":8},"end":{"line":43,"column":51}},"12":{"start":{"line":45,"column":8},"end":{"line":51,"column":9}},"13":{"start":{"line":46,"column":12},"end":{"line":46,"column":57}},"14":{"start":{"line":48,"column":12},"end":{"line":48,"column":35}},"15":{"start":{"line":49,"column":12},"end":{"line":49,"column":49}},"16":{"start":{"line":50,"column":12},"end":{"line":50,"column":43}}},"branchMap":{"1":{"line":25,"type":"binary-expr","locations":[{"start":{"line":25,"column":23},"end":{"line":25,"column":62}},{"start":{"line":26,"column":20},"end":{"line":26,"column":70}},{"start":{"line":27,"column":20},"end":{"line":27,"column":71}},{"start":{"line":28,"column":20},"end":{"line":28,"column":29}}]},"2":{"line":30,"type":"binary-expr","locations":[{"start":{"line":30,"column":23},"end":{"line":30,"column":37}},{"start":{"line":31,"column":20},"end":{"line":31,"column":61}},{"start":{"line":32,"column":20},"end":{"line":32,"column":70}},{"start":{"line":33,"column":20},"end":{"line":33,"column":26}}]},"3":{"line":37,"type":"cond-expr","locations":[{"start":{"line":38,"column":14},"end":{"line":38,"column":20}},{"start":{"line":39,"column":14},"end":{"line":39,"column":20}}]},"4":{"line":41,"type":"binary-expr","locations":[{"start":{"line":41,"column":16},"end":{"line":41,"column":44}},{"start":{"line":41,"column":48},"end":{"line":41,"column":53}}]},"5":{"line":45,"type":"if","locations":[{"start":{"line":45,"column":8},"end":{"line":45,"column":8}},{"start":{"line":45,"column":8},"end":{"line":45,"column":8}}]}},"code":["/* istanbul instrument in package npmtest_ticons */","/*jslint","    bitwise: true,","    browser: true,","    maxerr: 8,","    maxlen: 96,","    node: true,","    nomen: true,","    regexp: true,","    stupid: true","*/","(function () {","    'use strict';","    var local;","","","","    // run shared js-env code - pre-init","    (function () {","        // init local","        local = {};","        // init modeJs","        local.modeJs = (function () {","            try {","                return typeof navigator.userAgent === 'string' &&","                    typeof document.querySelector('body') === 'object' &&","                    typeof XMLHttpRequest.prototype.open === 'function' &&","                    'browser';","            } catch (errorCaughtBrowser) {","                return module.exports &&","                    typeof process.versions.node === 'string' &&","                    typeof require('http').createServer === 'function' &&","                    'node';","            }","        }());","        // init global","        local.global = local.modeJs === 'browser'","            ? window","            : global;","        // init utility2_rollup","        local = local.global.utility2_rollup || local;","        // init lib","        local.local = local.npmtest_ticons = local;","        // init exports","        if (local.modeJs === 'browser') {","            local.global.utility2_npmtest_ticons = local;","        } else {","            module.exports = local;","            module.exports.__dirname = __dirname;","            module.exports.module = module;","        }","    }());","}());",""],"l":{"12":2,"14":2,"19":2,"21":2,"23":2,"24":2,"25":2,"30":1,"37":2,"41":2,"43":2,"45":2,"46":1,"48":1,"49":1,"50":1}},"/home/travis/build/npmtest/node-npmtest-ticons/example.js":{"path":"/home/travis/build/npmtest/node-npmtest-ticons/example.js","s":{"1":2,"2":2,"3":2,"4":2,"5":2,"6":2,"7":2,"8":1,"9":2,"10":2,"11":2,"12":2,"13":1,"14":2,"15":2,"16":2,"17":2,"18":2,"19":0,"20":2,"21":1,"22":1,"23":1,"24":1,"25":1,"26":0,"27":0,"28":1,"29":1,"30":2,"31":0,"32":0,"33":0,"34":1,"35":2,"36":2,"37":3,"38":3,"39":3,"40":3,"41":0,"42":3,"43":3,"44":3,"45":1,"46":3,"47":1,"48":1,"49":1,"50":1,"51":1,"52":1,"53":1,"54":1,"55":1,"56":1,"57":0,"58":1,"59":6,"60":6,"61":1,"62":2,"63":0,"64":2,"65":1,"66":1,"67":0,"68":0,"69":0,"70":0,"71":0,"72":0,"73":0,"74":0,"75":0,"76":0,"77":0,"78":0,"79":0,"80":0,"81":0,"82":0,"83":0},"b":{"1":[2,1,1,1],"2":[1,1,1,1],"3":[1,1],"4":[2,2],"5":[1,1],"6":[1,1],"7":[2,0],"8":[2,1,1,1,1,1],"9":[0,2,0],"10":[1,1],"11":[2,1,1],"12":[1,0],"13":[0,2],"14":[2,0,0,0,0,0,0],"15":[0,3],"16":[3,0],"17":[1,1],"18":[0,1],"19":[1,2,0,2],"20":[1,0],"21":[1,1],"22":[0,0],"23":[0,0],"24":[0,0],"25":[0,0],"26":[0,0],"27":[0,0],"28":[0,0]},"f":{"1":2,"2":2,"3":2,"4":2,"5":2,"6":2,"7":3,"8":3,"9":3,"10":1,"11":6,"12":0},"fnMap":{"1":{"name":"(anonymous_1)","line":26,"loc":{"start":{"line":26,"column":1},"end":{"line":26,"column":13}}},"2":{"name":"(anonymous_2)","line":33,"loc":{"start":{"line":33,"column":5},"end":{"line":33,"column":17}}},"3":{"name":"(anonymous_3)","line":37,"loc":{"start":{"line":37,"column":24},"end":{"line":37,"column":36}}},"4":{"name":"(anonymous_4)","line":69,"loc":{"start":{"line":69,"column":31},"end":{"line":69,"column":48}},"skip":true},"5":{"name":"(anonymous_5)","line":78,"loc":{"start":{"line":78,"column":26},"end":{"line":78,"column":45}},"skip":true},"6":{"name":"(anonymous_6)","line":123,"loc":{"start":{"line":123,"column":33},"end":{"line":123,"column":48}},"skip":true},"7":{"name":"(anonymous_7)","line":125,"loc":{"start":{"line":125,"column":27},"end":{"line":125,"column":39}},"skip":true},"8":{"name":"(anonymous_8)","line":133,"loc":{"start":{"line":133,"column":59},"end":{"line":133,"column":74}},"skip":true},"9":{"name":"(anonymous_9)","line":143,"loc":{"start":{"line":143,"column":45},"end":{"line":143,"column":62}},"skip":true},"10":{"name":"(anonymous_10)","line":144,"loc":{"start":{"line":144,"column":73},"end":{"line":144,"column":92}},"skip":true},"11":{"name":"(anonymous_11)","line":272,"loc":{"start":{"line":272,"column":51},"end":{"line":272,"column":77}},"skip":true},"12":{"name":"(anonymous_12)","line":315,"loc":{"start":{"line":315,"column":32},"end":{"line":315,"column":61}},"skip":true}},"statementMap":{"1":{"start":{"line":26,"column":0},"end":{"line":326,"column":5}},"2":{"start":{"line":28,"column":4},"end":{"line":28,"column":14}},"3":{"start":{"line":33,"column":4},"end":{"line":60,"column":9}},"4":{"start":{"line":35,"column":8},"end":{"line":35,"column":19}},"5":{"start":{"line":37,"column":8},"end":{"line":49,"column":13}},"6":{"start":{"line":38,"column":12},"end":{"line":48,"column":13}},"7":{"start":{"line":39,"column":16},"end":{"line":42,"column":30}},"8":{"start":{"line":44,"column":16},"end":{"line":47,"column":27}},"9":{"start":{"line":51,"column":8},"end":{"line":53,"column":21}},"10":{"start":{"line":55,"column":8},"end":{"line":57,"column":45}},"11":{"start":{"line":59,"column":8},"end":{"line":59,"column":35}},"12":{"start":{"line":61,"column":4},"end":{"line":325,"column":5}},"13":{"start":{"line":69,"column":8},"end":{"line":121,"column":10},"skip":true},"14":{"start":{"line":70,"column":12},"end":{"line":88,"column":13},"skip":true},"15":{"start":{"line":76,"column":16},"end":{"line":87,"column":19},"skip":true},"16":{"start":{"line":79,"column":20},"end":{"line":86,"column":21},"skip":true},"17":{"start":{"line":82,"column":24},"end":{"line":82,"column":43},"skip":true},"18":{"start":{"line":83,"column":24},"end":{"line":83,"column":30},"skip":true},"19":{"start":{"line":85,"column":24},"end":{"line":85,"column":49},"skip":true},"20":{"start":{"line":89,"column":12},"end":{"line":107,"column":13},"skip":true},"21":{"start":{"line":92,"column":16},"end":{"line":102,"column":17},"skip":true},"22":{"start":{"line":93,"column":20},"end":{"line":93,"column":86},"skip":true},"23":{"start":{"line":94,"column":20},"end":{"line":95,"column":45},"skip":true},"24":{"start":{"line":96,"column":20},"end":{"line":96,"column":42},"skip":true},"25":{"start":{"line":97,"column":20},"end":{"line":97,"column":48},"skip":true},"26":{"start":{"line":100,"column":20},"end":{"line":100,"column":85},"skip":true},"27":{"start":{"line":101,"column":20},"end":{"line":101,"column":96},"skip":true},"28":{"start":{"line":103,"column":16},"end":{"line":103,"column":22},"skip":true},"29":{"start":{"line":106,"column":16},"end":{"line":106,"column":22},"skip":true},"30":{"start":{"line":108,"column":12},"end":{"line":120,"column":13},"skip":true},"31":{"start":{"line":114,"column":16},"end":{"line":119,"column":17},"skip":true},"32":{"start":{"line":116,"column":20},"end":{"line":116,"column":78},"skip":true},"33":{"start":{"line":118,"column":20},"end":{"line":118,"column":47},"skip":true},"34":{"start":{"line":123,"column":8},"end":{"line":141,"column":11},"skip":true},"35":{"start":{"line":124,"column":12},"end":{"line":124,"column":54},"skip":true},"36":{"start":{"line":125,"column":12},"end":{"line":140,"column":14},"skip":true},"37":{"start":{"line":126,"column":16},"end":{"line":126,"column":28},"skip":true},"38":{"start":{"line":127,"column":16},"end":{"line":127,"column":69},"skip":true},"39":{"start":{"line":128,"column":16},"end":{"line":128,"column":75},"skip":true},"40":{"start":{"line":129,"column":16},"end":{"line":131,"column":17},"skip":true},"41":{"start":{"line":130,"column":20},"end":{"line":130,"column":27},"skip":true},"42":{"start":{"line":133,"column":16},"end":{"line":137,"column":36},"skip":true},"43":{"start":{"line":134,"column":20},"end":{"line":136,"column":55},"skip":true},"44":{"start":{"line":139,"column":16},"end":{"line":139,"column":57},"skip":true},"45":{"start":{"line":143,"column":8},"end":{"line":147,"column":11},"skip":true},"46":{"start":{"line":144,"column":12},"end":{"line":146,"column":15},"skip":true},"47":{"start":{"line":145,"column":16},"end":{"line":145,"column":70},"skip":true},"48":{"start":{"line":149,"column":8},"end":{"line":149,"column":31},"skip":true},"49":{"start":{"line":150,"column":8},"end":{"line":150,"column":14},"skip":true},"50":{"start":{"line":158,"column":8},"end":{"line":158,"column":31},"skip":true},"51":{"start":{"line":160,"column":8},"end":{"line":160,"column":33},"skip":true},"52":{"start":{"line":161,"column":8},"end":{"line":161,"column":37},"skip":true},"53":{"start":{"line":162,"column":8},"end":{"line":162,"column":35},"skip":true},"54":{"start":{"line":164,"column":8},"end":{"line":164,"column":50},"skip":true},"55":{"start":{"line":166,"column":8},"end":{"line":256,"column":2},"skip":true},"56":{"start":{"line":258,"column":8},"end":{"line":286,"column":9},"skip":true},"57":{"start":{"line":259,"column":12},"end":{"line":269,"column":14},"skip":true},"58":{"start":{"line":271,"column":12},"end":{"line":285,"column":19},"skip":true},"59":{"start":{"line":274,"column":20},"end":{"line":274,"column":35},"skip":true},"60":{"start":{"line":275,"column":20},"end":{"line":284,"column":21},"skip":true},"61":{"start":{"line":277,"column":24},"end":{"line":277,"column":64},"skip":true},"62":{"start":{"line":279,"column":24},"end":{"line":279,"column":40},"skip":true},"63":{"start":{"line":281,"column":24},"end":{"line":281,"column":40},"skip":true},"64":{"start":{"line":283,"column":24},"end":{"line":283,"column":39},"skip":true},"65":{"start":{"line":288,"column":8},"end":{"line":290,"column":9},"skip":true},"66":{"start":{"line":289,"column":12},"end":{"line":289,"column":18},"skip":true},"67":{"start":{"line":291,"column":8},"end":{"line":293,"column":54},"skip":true},"68":{"start":{"line":296,"column":8},"end":{"line":301,"column":37},"skip":true},"69":{"start":{"line":303,"column":8},"end":{"line":303,"column":82},"skip":true},"70":{"start":{"line":306,"column":8},"end":{"line":308,"column":9},"skip":true},"71":{"start":{"line":307,"column":12},"end":{"line":307,"column":82},"skip":true},"72":{"start":{"line":310,"column":8},"end":{"line":312,"column":9},"skip":true},"73":{"start":{"line":311,"column":12},"end":{"line":311,"column":18},"skip":true},"74":{"start":{"line":313,"column":8},"end":{"line":313,"column":54},"skip":true},"75":{"start":{"line":314,"column":8},"end":{"line":314,"column":69},"skip":true},"76":{"start":{"line":315,"column":8},"end":{"line":323,"column":36},"skip":true},"77":{"start":{"line":316,"column":12},"end":{"line":316,"column":61},"skip":true},"78":{"start":{"line":317,"column":12},"end":{"line":320,"column":13},"skip":true},"79":{"start":{"line":318,"column":16},"end":{"line":318,"column":75},"skip":true},"80":{"start":{"line":319,"column":16},"end":{"line":319,"column":23},"skip":true},"81":{"start":{"line":321,"column":12},"end":{"line":321,"column":38},"skip":true},"82":{"start":{"line":322,"column":12},"end":{"line":322,"column":27},"skip":true},"83":{"start":{"line":324,"column":8},"end":{"line":324,"column":14},"skip":true}},"branchMap":{"1":{"line":39,"type":"binary-expr","locations":[{"start":{"line":39,"column":23},"end":{"line":39,"column":62}},{"start":{"line":40,"column":20},"end":{"line":40,"column":70}},{"start":{"line":41,"column":20},"end":{"line":41,"column":71}},{"start":{"line":42,"column":20},"end":{"line":42,"column":29}}]},"2":{"line":44,"type":"binary-expr","locations":[{"start":{"line":44,"column":23},"end":{"line":44,"column":37}},{"start":{"line":45,"column":20},"end":{"line":45,"column":61}},{"start":{"line":46,"column":20},"end":{"line":46,"column":70}},{"start":{"line":47,"column":20},"end":{"line":47,"column":26}}]},"3":{"line":51,"type":"cond-expr","locations":[{"start":{"line":52,"column":14},"end":{"line":52,"column":20}},{"start":{"line":53,"column":14},"end":{"line":53,"column":20}}]},"4":{"line":55,"type":"binary-expr","locations":[{"start":{"line":55,"column":16},"end":{"line":55,"column":44}},{"start":{"line":55,"column":49},"end":{"line":57,"column":43}}]},"5":{"line":55,"type":"cond-expr","locations":[{"start":{"line":56,"column":14},"end":{"line":56,"column":50}},{"start":{"line":57,"column":14},"end":{"line":57,"column":43}}]},"6":{"line":61,"type":"switch","locations":[{"start":{"line":68,"column":4},"end":{"line":150,"column":14},"skip":true},{"start":{"line":156,"column":4},"end":{"line":324,"column":14},"skip":true}]},"7":{"line":70,"type":"if","locations":[{"start":{"line":70,"column":12},"end":{"line":70,"column":12},"skip":true},{"start":{"line":70,"column":12},"end":{"line":70,"column":12},"skip":true}]},"8":{"line":70,"type":"binary-expr","locations":[{"start":{"line":70,"column":16},"end":{"line":70,"column":22},"skip":true},{"start":{"line":70,"column":27},"end":{"line":70,"column":32},"skip":true},{"start":{"line":71,"column":20},"end":{"line":71,"column":39},"skip":true},{"start":{"line":72,"column":20},"end":{"line":72,"column":49},"skip":true},{"start":{"line":73,"column":20},"end":{"line":73,"column":58},"skip":true},{"start":{"line":74,"column":20},"end":{"line":74,"column":69},"skip":true}]},"9":{"line":79,"type":"switch","locations":[{"start":{"line":80,"column":20},"end":{"line":80,"column":33},"skip":true},{"start":{"line":81,"column":20},"end":{"line":83,"column":30},"skip":true},{"start":{"line":84,"column":20},"end":{"line":85,"column":49},"skip":true}]},"10":{"line":89,"type":"switch","locations":[{"start":{"line":90,"column":12},"end":{"line":103,"column":22},"skip":true},{"start":{"line":105,"column":12},"end":{"line":106,"column":22},"skip":true}]},"11":{"line":89,"type":"binary-expr","locations":[{"start":{"line":89,"column":20},"end":{"line":89,"column":25},"skip":true},{"start":{"line":89,"column":29},"end":{"line":89,"column":48},"skip":true},{"start":{"line":89,"column":52},"end":{"line":89,"column":74},"skip":true}]},"12":{"line":92,"type":"if","locations":[{"start":{"line":92,"column":16},"end":{"line":92,"column":16},"skip":true},{"start":{"line":92,"column":16},"end":{"line":92,"column":16},"skip":true}]},"13":{"line":108,"type":"if","locations":[{"start":{"line":108,"column":12},"end":{"line":108,"column":12},"skip":true},{"start":{"line":108,"column":12},"end":{"line":108,"column":12},"skip":true}]},"14":{"line":108,"type":"binary-expr","locations":[{"start":{"line":108,"column":16},"end":{"line":108,"column":61},"skip":true},{"start":{"line":108,"column":66},"end":{"line":108,"column":72},"skip":true},{"start":{"line":108,"column":77},"end":{"line":108,"column":82},"skip":true},{"start":{"line":109,"column":20},"end":{"line":109,"column":39},"skip":true},{"start":{"line":110,"column":20},"end":{"line":110,"column":49},"skip":true},{"start":{"line":111,"column":20},"end":{"line":111,"column":58},"skip":true},{"start":{"line":112,"column":20},"end":{"line":112,"column":68},"skip":true}]},"15":{"line":129,"type":"if","locations":[{"start":{"line":129,"column":16},"end":{"line":129,"column":16},"skip":true},{"start":{"line":129,"column":16},"end":{"line":129,"column":16},"skip":true}]},"16":{"line":134,"type":"cond-expr","locations":[{"start":{"line":135,"column":26},"end":{"line":135,"column":29},"skip":true},{"start":{"line":136,"column":26},"end":{"line":136,"column":54},"skip":true}]},"17":{"line":164,"type":"binary-expr","locations":[{"start":{"line":164,"column":27},"end":{"line":164,"column":43},"skip":true},{"start":{"line":164,"column":47},"end":{"line":164,"column":49},"skip":true}]},"18":{"line":258,"type":"if","locations":[{"start":{"line":258,"column":8},"end":{"line":258,"column":8},"skip":true},{"start":{"line":258,"column":8},"end":{"line":258,"column":8},"skip":true}]},"19":{"line":275,"type":"switch","locations":[{"start":{"line":276,"column":20},"end":{"line":277,"column":64},"skip":true},{"start":{"line":278,"column":20},"end":{"line":279,"column":40},"skip":true},{"start":{"line":280,"column":20},"end":{"line":281,"column":40},"skip":true},{"start":{"line":282,"column":20},"end":{"line":283,"column":39},"skip":true}]},"20":{"line":288,"type":"if","locations":[{"start":{"line":288,"column":8},"end":{"line":288,"column":8},"skip":true},{"start":{"line":288,"column":8},"end":{"line":288,"column":8},"skip":true}]},"21":{"line":288,"type":"binary-expr","locations":[{"start":{"line":288,"column":12},"end":{"line":288,"column":40},"skip":true},{"start":{"line":288,"column":44},"end":{"line":288,"column":67},"skip":true}]},"22":{"line":292,"type":"binary-expr","locations":[{"start":{"line":292,"column":12},"end":{"line":292,"column":50},"skip":true},{"start":{"line":293,"column":12},"end":{"line":293,"column":53},"skip":true}]},"23":{"line":297,"type":"binary-expr","locations":[{"start":{"line":297,"column":12},"end":{"line":297,"column":64},"skip":true},{"start":{"line":298,"column":12},"end":{"line":301,"column":36},"skip":true}]},"24":{"line":303,"type":"binary-expr","locations":[{"start":{"line":303,"column":43},"end":{"line":303,"column":75},"skip":true},{"start":{"line":303,"column":79},"end":{"line":303,"column":81},"skip":true}]},"25":{"line":306,"type":"if","locations":[{"start":{"line":306,"column":8},"end":{"line":306,"column":8},"skip":true},{"start":{"line":306,"column":8},"end":{"line":306,"column":8},"skip":true}]},"26":{"line":310,"type":"if","locations":[{"start":{"line":310,"column":8},"end":{"line":310,"column":8},"skip":true},{"start":{"line":310,"column":8},"end":{"line":310,"column":8},"skip":true}]},"27":{"line":313,"type":"binary-expr","locations":[{"start":{"line":313,"column":27},"end":{"line":313,"column":43},"skip":true},{"start":{"line":313,"column":47},"end":{"line":313,"column":53},"skip":true}]},"28":{"line":317,"type":"if","locations":[{"start":{"line":317,"column":12},"end":{"line":317,"column":12},"skip":true},{"start":{"line":317,"column":12},"end":{"line":317,"column":12},"skip":true}]}},"code":["/*","example.js","","quickstart example","","instruction","    1. save this script as example.js","    2. run the shell command:","        $ npm install npmtest-ticons && PORT=8081 node example.js","    3. play with the browser-demo on http://127.0.0.1:8081","*/","","","","/* istanbul instrument in package npmtest_ticons */","/*jslint","    bitwise: true,","    browser: true,","    maxerr: 8,","    maxlen: 96,","    node: true,","    nomen: true,","    regexp: true,","    stupid: true","*/","(function () {","    'use strict';","    var local;","","","","    // run shared js-env code - pre-init","    (function () {","        // init local","        local = {};","        // init modeJs","        local.modeJs = (function () {","            try {","                return typeof navigator.userAgent === 'string' &&","                    typeof document.querySelector('body') === 'object' &&","                    typeof XMLHttpRequest.prototype.open === 'function' &&","                    'browser';","            } catch (errorCaughtBrowser) {","                return module.exports &&","                    typeof process.versions.node === 'string' &&","                    typeof require('http').createServer === 'function' &&","                    'node';","            }","        }());","        // init global","        local.global = local.modeJs === 'browser'","            ? window","            : global;","        // init utility2_rollup","        local = local.global.utility2_rollup || (local.modeJs === 'browser'","            ? local.global.utility2_npmtest_ticons","            : global.utility2_moduleExports);","        // export local","        local.global.local = local;","    }());","    switch (local.modeJs) {","","","","    // post-init","    // run browser js-env code - post-init","    /* istanbul ignore next */","    case 'browser':","        local.testRunBrowser = function (event) {","            if (!event || (event &&","                    event.currentTarget &&","                    event.currentTarget.className &&","                    event.currentTarget.className.includes &&","                    event.currentTarget.className.includes('onreset'))) {","                // reset output","                Array.from(","                    document.querySelectorAll('body > .resettable')","                ).forEach(function (element) {","                    switch (element.tagName) {","                    case 'INPUT':","                    case 'TEXTAREA':","                        element.value = '';","                        break;","                    default:","                        element.textContent = '';","                    }","                });","            }","            switch (event && event.currentTarget && event.currentTarget.id) {","            case 'testRunButton1':","                // show tests","                if (document.querySelector('#testReportDiv1').style.display === 'none') {","                    document.querySelector('#testReportDiv1').style.display = 'block';","                    document.querySelector('#testRunButton1').textContent =","                        'hide internal test';","                    local.modeTest = true;","                    local.testRunDefault(local);","                // hide tests","                } else {","                    document.querySelector('#testReportDiv1').style.display = 'none';","                    document.querySelector('#testRunButton1').textContent = 'run internal test';","                }","                break;","            // custom-case","            default:","                break;","            }","            if (document.querySelector('#inputTextareaEval1') && (!event || (event &&","                    event.currentTarget &&","                    event.currentTarget.className &&","                    event.currentTarget.className.includes &&","                    event.currentTarget.className.includes('oneval')))) {","                // try to eval input-code","                try {","                    /*jslint evil: true*/","                    eval(document.querySelector('#inputTextareaEval1').value);","                } catch (errorCaught) {","                    console.error(errorCaught);","                }","            }","        };","        // log stderr and stdout to #outputTextareaStdout1","        ['error', 'log'].forEach(function (key) {","            console[key + '_original'] = console[key];","            console[key] = function () {","                var element;","                console[key + '_original'].apply(console, arguments);","                element = document.querySelector('#outputTextareaStdout1');","                if (!element) {","                    return;","                }","                // append text to #outputTextareaStdout1","                element.value += Array.from(arguments).map(function (arg) {","                    return typeof arg === 'string'","                        ? arg","                        : JSON.stringify(arg, null, 4);","                }).join(' ') + '\\n';","                // scroll textarea to bottom","                element.scrollTop = element.scrollHeight;","            };","        });","        // init event-handling","        ['change', 'click', 'keyup'].forEach(function (event) {","            Array.from(document.querySelectorAll('.on' + event)).forEach(function (element) {","                element.addEventListener(event, local.testRunBrowser);","            });","        });","        // run tests","        local.testRunBrowser();","        break;","","","","    // run node js-env code - post-init","    /* istanbul ignore next */","    case 'node':","        // export local","        module.exports = local;","        // require modules","        local.fs = require('fs');","        local.http = require('http');","        local.url = require('url');","        // init assets","        local.assetsDict = local.assetsDict || {};","        /* jslint-ignore-begin */","        local.assetsDict['/assets.index.template.html'] = '\\","<!doctype html>\\n\\","<html lang=\"en\">\\n\\","<head>\\n\\","<meta charset=\"UTF-8\">\\n\\","<meta name=\"viewport\" content=\"width=device-width, initial-scale=1\">\\n\\","<title>{{env.npm_package_name}} (v{{env.npm_package_version}})</title>\\n\\","<style>\\n\\","/*csslint\\n\\","    box-sizing: false,\\n\\","    universal-selector: false\\n\\","*/\\n\\","* {\\n\\","    box-sizing: border-box;\\n\\","}\\n\\","body {\\n\\","    background: #dde;\\n\\","    font-family: Arial, Helvetica, sans-serif;\\n\\","    margin: 2rem;\\n\\","}\\n\\","body > * {\\n\\","    margin-bottom: 1rem;\\n\\","}\\n\\",".utility2FooterDiv {\\n\\","    margin-top: 20px;\\n\\","    text-align: center;\\n\\","}\\n\\","</style>\\n\\","<style>\\n\\","/*csslint\\n\\","*/\\n\\","textarea {\\n\\","    font-family: monospace;\\n\\","    height: 10rem;\\n\\","    width: 100%;\\n\\","}\\n\\","textarea[readonly] {\\n\\","    background: #ddd;\\n\\","}\\n\\","</style>\\n\\","</head>\\n\\","<body>\\n\\","<!-- utility2-comment\\n\\","<div id=\"ajaxProgressDiv1\" style=\"background: #d00; height: 2px; left: 0; margin: 0; padding: 0; position: fixed; top: 0; transition: background 0.5s, width 1.5s; width: 25%;\"></div>\\n\\","utility2-comment -->\\n\\","<h1>\\n\\","<!-- utility2-comment\\n\\","    <a\\n\\","        {{#if env.npm_package_homepage}}\\n\\","        href=\"{{env.npm_package_homepage}}\"\\n\\","        {{/if env.npm_package_homepage}}\\n\\","        target=\"_blank\"\\n\\","    >\\n\\","utility2-comment -->\\n\\","        {{env.npm_package_name}} (v{{env.npm_package_version}})\\n\\","<!-- utility2-comment\\n\\","    </a>\\n\\","utility2-comment -->\\n\\","</h1>\\n\\","<h3>{{env.npm_package_description}}</h3>\\n\\","<!-- utility2-comment\\n\\","<h4><a download href=\"assets.app.js\">download standalone app</a></h4>\\n\\","<button class=\"onclick onreset\" id=\"testRunButton1\">run internal test</button><br>\\n\\","<div id=\"testReportDiv1\" style=\"display: none;\"></div>\\n\\","utility2-comment -->\\n\\","\\n\\","\\n\\","\\n\\","<label>stderr and stdout</label>\\n\\","<textarea class=\"resettable\" id=\"outputTextareaStdout1\" readonly></textarea>\\n\\","<!-- utility2-comment\\n\\","{{#if isRollup}}\\n\\","<script src=\"assets.app.js\"></script>\\n\\","{{#unless isRollup}}\\n\\","utility2-comment -->\\n\\","<script src=\"assets.utility2.rollup.js\"></script>\\n\\","<script src=\"jsonp.utility2._stateInit?callback=window.utility2._stateInit\"></script>\\n\\","<script src=\"assets.npmtest_ticons.rollup.js\"></script>\\n\\","<script src=\"assets.example.js\"></script>\\n\\","<script src=\"assets.test.js\"></script>\\n\\","<!-- utility2-comment\\n\\","{{/if isRollup}}\\n\\","utility2-comment -->\\n\\","<div class=\"utility2FooterDiv\">\\n\\","    [ this app was created with\\n\\","    <a href=\"https://github.com/kaizhu256/node-utility2\" target=\"_blank\">utility2</a>\\n\\","    ]\\n\\","</div>\\n\\","</body>\\n\\","</html>\\n\\","';","        /* jslint-ignore-end */","        if (local.templateRender) {","            local.assetsDict['/'] = local.templateRender(","                local.assetsDict['/assets.index.template.html'],","                {","                    env: local.objectSetDefault(local.env, {","                        npm_package_description: 'the greatest app in the world!',","                        npm_package_name: 'my-app',","                        npm_package_nameAlias: 'my_app',","                        npm_package_version: '0.0.1'","                    })","                }","            );","        } else {","            local.assetsDict['/'] = local.assetsDict['/assets.index.template.html']","                .replace((/\\{\\{env\\.(\\w+?)\\}\\}/g), function (match0, match1) {","                    // jslint-hack","                    String(match0);","                    switch (match1) {","                    case 'npm_package_description':","                        return 'the greatest app in the world!';","                    case 'npm_package_name':","                        return 'my-app';","                    case 'npm_package_nameAlias':","                        return 'my_app';","                    case 'npm_package_version':","                        return '0.0.1';","                    }","                });","        }","        // run the cli","        if (local.global.utility2_rollup || module !== require.main) {","            break;","        }","        local.assetsDict['/assets.example.js'] =","            local.assetsDict['/assets.example.js'] ||","            local.fs.readFileSync(__filename, 'utf8');","        // bug-workaround - long $npm_package_buildCustomOrg","        /* jslint-ignore-begin */","        local.assetsDict['/assets.npmtest_ticons.rollup.js'] =","            local.assetsDict['/assets.npmtest_ticons.rollup.js'] ||","            local.fs.readFileSync(","                local.npmtest_ticons.__dirname + '/lib.npmtest_ticons.js',","                'utf8'","            ).replace((/^#!/), '//');","        /* jslint-ignore-end */","        local.assetsDict['/favicon.ico'] = local.assetsDict['/favicon.ico'] || '';","        // if $npm_config_timeout_exit exists,","        // then exit this process after $npm_config_timeout_exit ms","        if (Number(process.env.npm_config_timeout_exit)) {","            setTimeout(process.exit, Number(process.env.npm_config_timeout_exit));","        }","        // start server","        if (local.global.utility2_serverHttp1) {","            break;","        }","        process.env.PORT = process.env.PORT || '8081';","        console.error('server starting on port ' + process.env.PORT);","        local.http.createServer(function (request, response) {","            request.urlParsed = local.url.parse(request.url);","            if (local.assetsDict[request.urlParsed.pathname] !== undefined) {","                response.end(local.assetsDict[request.urlParsed.pathname]);","                return;","            }","            response.statusCode = 404;","            response.end();","        }).listen(process.env.PORT);","        break;","    }","}());",""],"l":{"26":2,"28":2,"33":2,"35":2,"37":2,"38":2,"39":2,"44":1,"51":2,"55":2,"59":2,"61":2,"69":1,"70":2,"76":2,"79":2,"82":2,"83":2,"85":1,"89":2,"92":1,"93":1,"94":1,"96":1,"97":1,"100":1,"101":1,"103":1,"106":1,"108":2,"114":1,"116":1,"118":1,"123":1,"124":2,"125":2,"126":3,"127":3,"128":3,"129":3,"130":1,"133":3,"134":3,"139":3,"143":1,"144":3,"145":1,"149":1,"150":1,"158":1,"160":1,"161":1,"162":1,"164":1,"166":1,"258":1,"259":1,"271":1,"274":6,"275":6,"277":1,"279":2,"281":1,"283":2,"288":1,"289":1,"291":1,"296":1,"303":1,"306":1,"307":1,"310":1,"311":1,"313":1,"314":1,"315":1,"316":1,"317":1,"318":1,"319":1,"321":1,"322":1,"324":1}},"/home/travis/build/npmtest/node-npmtest-ticons/node_modules/ticons/index.js":{"path":"/home/travis/build/npmtest/node-npmtest-ticons/node_modules/ticons/index.js","s":{"1":1,"2":1,"3":0,"4":0,"5":0,"6":0,"7":0,"8":0,"9":0,"10":0,"11":0,"12":0,"13":0,"14":1,"15":0,"16":0,"17":0,"18":0,"19":0,"20":0,"21":0,"22":0,"23":0,"24":0,"25":0,"26":1,"27":0,"28":0,"29":0,"30":0,"31":0,"32":0,"33":0,"34":0,"35":0,"36":0,"37":0,"38":0,"39":0,"40":0,"41":0,"42":0,"43":0,"44":0,"45":0,"46":0,"47":0,"48":0,"49":0,"50":0,"51":0,"52":0,"53":0,"54":0,"55":0,"56":0,"57":0,"58":0,"59":0,"60":0,"61":0,"62":0,"63":0,"64":0,"65":0,"66":0,"67":0,"68":0,"69":0,"70":0,"71":0,"72":0,"73":0,"74":0,"75":0,"76":0,"77":0,"78":0,"79":0,"80":0,"81":0,"82":0,"83":0,"84":0,"85":0,"86":0,"87":0,"88":0,"89":0,"90":0,"91":0,"92":0,"93":0,"94":0,"95":0,"96":0,"97":0,"98":0,"99":0,"100":0,"101":0,"102":0,"103":0,"104":0,"105":0,"106":0},"b":{"1":[0,0],"2":[0,0],"3":[0,0],"4":[0,0],"5":[0,0],"6":[0,0],"7":[0,0],"8":[0,0],"9":[0,0],"10":[0,0],"11":[0,0],"12":[0,0],"13":[0,0],"14":[0,0],"15":[0,0],"16":[0,0],"17":[0,0,0],"18":[0,0],"19":[0,0],"20":[0,0],"21":[0,0],"22":[0,0],"23":[0,0],"24":[0,0],"25":[0,0],"26":[0,0],"27":[0,0],"28":[0,0],"29":[0,0],"30":[0,0],"31":[0,0],"32":[0,0],"33":[0,0],"34":[0,0],"35":[0,0,0],"36":[0,0],"37":[0,0],"38":[0,0],"39":[0,0],"40":[0,0],"41":[0,0],"42":[0,0]},"f":{"1":0,"2":0,"3":0,"4":0,"5":0,"6":0,"7":0,"8":0,"9":0,"10":0,"11":0,"12":0,"13":0,"14":0,"15":0,"16":0},"fnMap":{"1":{"name":"(anonymous_1)","line":19,"loc":{"start":{"line":19,"column":16},"end":{"line":19,"column":41}}},"2":{"name":"(anonymous_2)","line":24,"loc":{"start":{"line":24,"column":15},"end":{"line":24,"column":34}}},"3":{"name":"(anonymous_3)","line":31,"loc":{"start":{"line":31,"column":26},"end":{"line":31,"column":47}}},"4":{"name":"(anonymous_4)","line":55,"loc":{"start":{"line":55,"column":19},"end":{"line":55,"column":44}}},"5":{"name":"(anonymous_5)","line":60,"loc":{"start":{"line":60,"column":15},"end":{"line":60,"column":34}}},"6":{"name":"(anonymous_6)","line":67,"loc":{"start":{"line":67,"column":26},"end":{"line":67,"column":47}}},"7":{"name":"(anonymous_7)","line":91,"loc":{"start":{"line":91,"column":17},"end":{"line":91,"column":42}}},"8":{"name":"(anonymous_8)","line":96,"loc":{"start":{"line":96,"column":15},"end":{"line":96,"column":34}}},"9":{"name":"(anonymous_9)","line":107,"loc":{"start":{"line":107,"column":23},"end":{"line":107,"column":44}}},"10":{"name":"(anonymous_10)","line":111,"loc":{"start":{"line":111,"column":20},"end":{"line":111,"column":41}}},"11":{"name":"(anonymous_11)","line":168,"loc":{"start":{"line":168,"column":26},"end":{"line":168,"column":55}}},"12":{"name":"(anonymous_12)","line":200,"loc":{"start":{"line":200,"column":18},"end":{"line":200,"column":47}}},"13":{"name":"(anonymous_13)","line":217,"loc":{"start":{"line":217,"column":20},"end":{"line":217,"column":37}}},"14":{"name":"(anonymous_14)","line":224,"loc":{"start":{"line":224,"column":28},"end":{"line":224,"column":46}}},"15":{"name":"(anonymous_15)","line":240,"loc":{"start":{"line":240,"column":23},"end":{"line":240,"column":42}}},"16":{"name":"(anonymous_16)","line":270,"loc":{"start":{"line":270,"column":36},"end":{"line":270,"column":50}}}},"statementMap":{"1":{"start":{"line":4,"column":0},"end":{"line":12,"column":21}},"2":{"start":{"line":19,"column":0},"end":{"line":48,"column":2}},"3":{"start":{"line":20,"column":2},"end":{"line":20,"column":20}},"4":{"start":{"line":21,"column":2},"end":{"line":21,"column":21}},"5":{"start":{"line":24,"column":2},"end":{"line":46,"column":5}},"6":{"start":{"line":26,"column":4},"end":{"line":28,"column":5}},"7":{"start":{"line":27,"column":6},"end":{"line":27,"column":27}},"8":{"start":{"line":31,"column":4},"end":{"line":44,"column":7}},"9":{"start":{"line":33,"column":6},"end":{"line":35,"column":7}},"10":{"start":{"line":34,"column":8},"end":{"line":34,"column":29}},"11":{"start":{"line":37,"column":6},"end":{"line":39,"column":7}},"12":{"start":{"line":38,"column":8},"end":{"line":38,"column":59}},"13":{"start":{"line":42,"column":6},"end":{"line":42,"column":38}},"14":{"start":{"line":55,"column":0},"end":{"line":84,"column":2}},"15":{"start":{"line":56,"column":2},"end":{"line":56,"column":20}},"16":{"start":{"line":57,"column":2},"end":{"line":57,"column":23}},"17":{"start":{"line":60,"column":2},"end":{"line":82,"column":5}},"18":{"start":{"line":62,"column":4},"end":{"line":64,"column":5}},"19":{"start":{"line":63,"column":6},"end":{"line":63,"column":27}},"20":{"start":{"line":67,"column":4},"end":{"line":80,"column":7}},"21":{"start":{"line":69,"column":6},"end":{"line":71,"column":7}},"22":{"start":{"line":70,"column":8},"end":{"line":70,"column":29}},"23":{"start":{"line":73,"column":6},"end":{"line":75,"column":7}},"24":{"start":{"line":74,"column":8},"end":{"line":74,"column":59}},"25":{"start":{"line":78,"column":6},"end":{"line":78,"column":38}},"26":{"start":{"line":91,"column":0},"end":{"line":304,"column":2}},"27":{"start":{"line":92,"column":2},"end":{"line":92,"column":20}},"28":{"start":{"line":93,"column":2},"end":{"line":93,"column":22}},"29":{"start":{"line":96,"column":2},"end":{"line":302,"column":5}},"30":{"start":{"line":98,"column":4},"end":{"line":100,"column":5}},"31":{"start":{"line":99,"column":6},"end":{"line":99,"column":27}},"32":{"start":{"line":102,"column":4},"end":{"line":102,"column":38}},"33":{"start":{"line":103,"column":4},"end":{"line":103,"column":19}},"34":{"start":{"line":105,"column":4},"end":{"line":105,"column":94}},"35":{"start":{"line":107,"column":4},"end":{"line":300,"column":7}},"36":{"start":{"line":108,"column":6},"end":{"line":108,"column":27}},"37":{"start":{"line":109,"column":6},"end":{"line":109,"column":20}},"38":{"start":{"line":111,"column":6},"end":{"line":185,"column":9}},"39":{"start":{"line":113,"column":8},"end":{"line":181,"column":9}},"40":{"start":{"line":114,"column":10},"end":{"line":114,"column":68}},"41":{"start":{"line":117,"column":10},"end":{"line":180,"column":11}},"42":{"start":{"line":120,"column":12},"end":{"line":133,"column":13}},"43":{"start":{"line":123,"column":14},"end":{"line":125,"column":15}},"44":{"start":{"line":124,"column":16},"end":{"line":124,"column":33}},"45":{"start":{"line":130,"column":14},"end":{"line":132,"column":15}},"46":{"start":{"line":131,"column":16},"end":{"line":131,"column":33}},"47":{"start":{"line":136,"column":12},"end":{"line":140,"column":13}},"48":{"start":{"line":137,"column":14},"end":{"line":139,"column":28}},"49":{"start":{"line":145,"column":12},"end":{"line":179,"column":13}},"50":{"start":{"line":148,"column":14},"end":{"line":151,"column":15}},"51":{"start":{"line":149,"column":16},"end":{"line":149,"column":33}},"52":{"start":{"line":150,"column":16},"end":{"line":150,"column":23}},"53":{"start":{"line":154,"column":14},"end":{"line":178,"column":15}},"54":{"start":{"line":157,"column":16},"end":{"line":160,"column":17}},"55":{"start":{"line":158,"column":18},"end":{"line":158,"column":35}},"56":{"start":{"line":159,"column":18},"end":{"line":159,"column":25}},"57":{"start":{"line":165,"column":16},"end":{"line":171,"column":19}},"58":{"start":{"line":169,"column":20},"end":{"line":169,"column":46}},"59":{"start":{"line":174,"column":16},"end":{"line":177,"column":17}},"60":{"start":{"line":175,"column":18},"end":{"line":175,"column":35}},"61":{"start":{"line":176,"column":18},"end":{"line":176,"column":25}},"62":{"start":{"line":184,"column":8},"end":{"line":184,"column":33}},"63":{"start":{"line":187,"column":6},"end":{"line":189,"column":7}},"64":{"start":{"line":188,"column":8},"end":{"line":188,"column":61}},"65":{"start":{"line":191,"column":6},"end":{"line":193,"column":7}},"66":{"start":{"line":192,"column":8},"end":{"line":192,"column":47}},"67":{"start":{"line":195,"column":6},"end":{"line":209,"column":7}},"68":{"start":{"line":197,"column":8},"end":{"line":205,"column":11}},"69":{"start":{"line":203,"column":12},"end":{"line":203,"column":133}},"70":{"start":{"line":208,"column":8},"end":{"line":208,"column":30}},"71":{"start":{"line":211,"column":6},"end":{"line":213,"column":7}},"72":{"start":{"line":212,"column":8},"end":{"line":212,"column":56}},"73":{"start":{"line":215,"column":6},"end":{"line":215,"column":21}},"74":{"start":{"line":217,"column":6},"end":{"line":297,"column":9}},"75":{"start":{"line":218,"column":8},"end":{"line":218,"column":51}},"76":{"start":{"line":219,"column":8},"end":{"line":219,"column":66}},"77":{"start":{"line":222,"column":8},"end":{"line":222,"column":84}},"78":{"start":{"line":224,"column":8},"end":{"line":295,"column":11}},"79":{"start":{"line":226,"column":10},"end":{"line":230,"column":11}},"80":{"start":{"line":227,"column":12},"end":{"line":227,"column":65}},"81":{"start":{"line":229,"column":12},"end":{"line":229,"column":19}},"82":{"start":{"line":232,"column":10},"end":{"line":232,"column":60}},"83":{"start":{"line":234,"column":10},"end":{"line":236,"column":11}},"84":{"start":{"line":235,"column":12},"end":{"line":235,"column":76}},"85":{"start":{"line":238,"column":10},"end":{"line":293,"column":11}},"86":{"start":{"line":240,"column":12},"end":{"line":291,"column":15}},"87":{"start":{"line":242,"column":14},"end":{"line":251,"column":15}},"88":{"start":{"line":243,"column":16},"end":{"line":243,"column":48}},"89":{"start":{"line":246,"column":16},"end":{"line":248,"column":17}},"90":{"start":{"line":247,"column":18},"end":{"line":247,"column":56}},"91":{"start":{"line":250,"column":16},"end":{"line":250,"column":46}},"92":{"start":{"line":253,"column":14},"end":{"line":253,"column":53}},"93":{"start":{"line":255,"column":14},"end":{"line":257,"column":17}},"94":{"start":{"line":260,"column":14},"end":{"line":260,"column":39}},"95":{"start":{"line":263,"column":14},"end":{"line":263,"column":78}},"96":{"start":{"line":266,"column":14},"end":{"line":268,"column":15}},"97":{"start":{"line":267,"column":16},"end":{"line":267,"column":76}},"98":{"start":{"line":270,"column":14},"end":{"line":284,"column":17}},"99":{"start":{"line":272,"column":16},"end":{"line":274,"column":17}},"100":{"start":{"line":273,"column":18},"end":{"line":273,"column":39}},"101":{"start":{"line":277,"column":16},"end":{"line":279,"column":17}},"102":{"start":{"line":278,"column":18},"end":{"line":278,"column":59}},"103":{"start":{"line":282,"column":16},"end":{"line":282,"column":39}},"104":{"start":{"line":287,"column":14},"end":{"line":289,"column":15}},"105":{"start":{"line":288,"column":16},"end":{"line":288,"column":76}},"106":{"start":{"line":299,"column":6},"end":{"line":299,"column":36}}},"branchMap":{"1":{"line":20,"type":"binary-expr","locations":[{"start":{"line":20,"column":9},"end":{"line":20,"column":13}},{"start":{"line":20,"column":17},"end":{"line":20,"column":19}}]},"2":{"line":26,"type":"if","locations":[{"start":{"line":26,"column":4},"end":{"line":26,"column":4}},{"start":{"line":26,"column":4},"end":{"line":26,"column":4}}]},"3":{"line":33,"type":"if","locations":[{"start":{"line":33,"column":6},"end":{"line":33,"column":6}},{"start":{"line":33,"column":6},"end":{"line":33,"column":6}}]},"4":{"line":37,"type":"if","locations":[{"start":{"line":37,"column":6},"end":{"line":37,"column":6}},{"start":{"line":37,"column":6},"end":{"line":37,"column":6}}]},"5":{"line":56,"type":"binary-expr","locations":[{"start":{"line":56,"column":9},"end":{"line":56,"column":13}},{"start":{"line":56,"column":17},"end":{"line":56,"column":19}}]},"6":{"line":62,"type":"if","locations":[{"start":{"line":62,"column":4},"end":{"line":62,"column":4}},{"start":{"line":62,"column":4},"end":{"line":62,"column":4}}]},"7":{"line":69,"type":"if","locations":[{"start":{"line":69,"column":6},"end":{"line":69,"column":6}},{"start":{"line":69,"column":6},"end":{"line":69,"column":6}}]},"8":{"line":73,"type":"if","locations":[{"start":{"line":73,"column":6},"end":{"line":73,"column":6}},{"start":{"line":73,"column":6},"end":{"line":73,"column":6}}]},"9":{"line":92,"type":"binary-expr","locations":[{"start":{"line":92,"column":9},"end":{"line":92,"column":13}},{"start":{"line":92,"column":17},"end":{"line":92,"column":19}}]},"10":{"line":98,"type":"if","locations":[{"start":{"line":98,"column":4},"end":{"line":98,"column":4}},{"start":{"line":98,"column":4},"end":{"line":98,"column":4}}]},"11":{"line":113,"type":"if","locations":[{"start":{"line":113,"column":8},"end":{"line":113,"column":8}},{"start":{"line":113,"column":8},"end":{"line":113,"column":8}}]},"12":{"line":114,"type":"binary-expr","locations":[{"start":{"line":114,"column":31},"end":{"line":114,"column":42}},{"start":{"line":114,"column":46},"end":{"line":114,"column":48}}]},"13":{"line":117,"type":"if","locations":[{"start":{"line":117,"column":10},"end":{"line":117,"column":10}},{"start":{"line":117,"column":10},"end":{"line":117,"column":10}}]},"14":{"line":120,"type":"if","locations":[{"start":{"line":120,"column":12},"end":{"line":120,"column":12}},{"start":{"line":120,"column":12},"end":{"line":120,"column":12}}]},"15":{"line":123,"type":"if","locations":[{"start":{"line":123,"column":14},"end":{"line":123,"column":14}},{"start":{"line":123,"column":14},"end":{"line":123,"column":14}}]},"16":{"line":130,"type":"if","locations":[{"start":{"line":130,"column":14},"end":{"line":130,"column":14}},{"start":{"line":130,"column":14},"end":{"line":130,"column":14}}]},"17":{"line":130,"type":"binary-expr","locations":[{"start":{"line":130,"column":18},"end":{"line":130,"column":29}},{"start":{"line":130,"column":33},"end":{"line":130,"column":46}},{"start":{"line":130,"column":50},"end":{"line":130,"column":69}}]},"18":{"line":136,"type":"if","locations":[{"start":{"line":136,"column":12},"end":{"line":136,"column":12}},{"start":{"line":136,"column":12},"end":{"line":136,"column":12}}]},"19":{"line":138,"type":"cond-expr","locations":[{"start":{"line":138,"column":40},"end":{"line":138,"column":63}},{"start":{"line":138,"column":66},"end":{"line":138,"column":75}}]},"20":{"line":145,"type":"if","locations":[{"start":{"line":145,"column":12},"end":{"line":145,"column":12}},{"start":{"line":145,"column":12},"end":{"line":145,"column":12}}]},"21":{"line":148,"type":"if","locations":[{"start":{"line":148,"column":14},"end":{"line":148,"column":14}},{"start":{"line":148,"column":14},"end":{"line":148,"column":14}}]},"22":{"line":154,"type":"if","locations":[{"start":{"line":154,"column":14},"end":{"line":154,"column":14}},{"start":{"line":154,"column":14},"end":{"line":154,"column":14}}]},"23":{"line":157,"type":"if","locations":[{"start":{"line":157,"column":16},"end":{"line":157,"column":16}},{"start":{"line":157,"column":16},"end":{"line":157,"column":16}}]},"24":{"line":174,"type":"if","locations":[{"start":{"line":174,"column":16},"end":{"line":174,"column":16}},{"start":{"line":174,"column":16},"end":{"line":174,"column":16}}]},"25":{"line":187,"type":"if","locations":[{"start":{"line":187,"column":6},"end":{"line":187,"column":6}},{"start":{"line":187,"column":6},"end":{"line":187,"column":6}}]},"26":{"line":191,"type":"if","locations":[{"start":{"line":191,"column":6},"end":{"line":191,"column":6}},{"start":{"line":191,"column":6},"end":{"line":191,"column":6}}]},"27":{"line":191,"type":"binary-expr","locations":[{"start":{"line":191,"column":10},"end":{"line":191,"column":41}},{"start":{"line":191,"column":45},"end":{"line":191,"column":70}}]},"28":{"line":195,"type":"if","locations":[{"start":{"line":195,"column":6},"end":{"line":195,"column":6}},{"start":{"line":195,"column":6},"end":{"line":195,"column":6}}]},"29":{"line":203,"type":"cond-expr","locations":[{"start":{"line":203,"column":91},"end":{"line":203,"column":93}},{"start":{"line":203,"column":96},"end":{"line":203,"column":112}}]},"30":{"line":203,"type":"binary-expr","locations":[{"start":{"line":203,"column":47},"end":{"line":203,"column":66}},{"start":{"line":203,"column":70},"end":{"line":203,"column":87}}]},"31":{"line":211,"type":"if","locations":[{"start":{"line":211,"column":6},"end":{"line":211,"column":6}},{"start":{"line":211,"column":6},"end":{"line":211,"column":6}}]},"32":{"line":226,"type":"if","locations":[{"start":{"line":226,"column":10},"end":{"line":226,"column":10}},{"start":{"line":226,"column":10},"end":{"line":226,"column":10}}]},"33":{"line":234,"type":"if","locations":[{"start":{"line":234,"column":10},"end":{"line":234,"column":10}},{"start":{"line":234,"column":10},"end":{"line":234,"column":10}}]},"34":{"line":238,"type":"if","locations":[{"start":{"line":238,"column":10},"end":{"line":238,"column":10}},{"start":{"line":238,"column":10},"end":{"line":238,"column":10}}]},"35":{"line":238,"type":"binary-expr","locations":[{"start":{"line":238,"column":14},"end":{"line":238,"column":64}},{"start":{"line":238,"column":69},"end":{"line":238,"column":91}},{"start":{"line":238,"column":96},"end":{"line":238,"column":134}}]},"36":{"line":242,"type":"if","locations":[{"start":{"line":242,"column":14},"end":{"line":242,"column":14}},{"start":{"line":242,"column":14},"end":{"line":242,"column":14}}]},"37":{"line":246,"type":"if","locations":[{"start":{"line":246,"column":16},"end":{"line":246,"column":16}},{"start":{"line":246,"column":16},"end":{"line":246,"column":16}}]},"38":{"line":266,"type":"if","locations":[{"start":{"line":266,"column":14},"end":{"line":266,"column":14}},{"start":{"line":266,"column":14},"end":{"line":266,"column":14}}]},"39":{"line":272,"type":"if","locations":[{"start":{"line":272,"column":16},"end":{"line":272,"column":16}},{"start":{"line":272,"column":16},"end":{"line":272,"column":16}}]},"40":{"line":277,"type":"if","locations":[{"start":{"line":277,"column":16},"end":{"line":277,"column":16}},{"start":{"line":277,"column":16},"end":{"line":277,"column":16}}]},"41":{"line":287,"type":"if","locations":[{"start":{"line":287,"column":14},"end":{"line":287,"column":14}},{"start":{"line":287,"column":14},"end":{"line":287,"column":14}}]},"42":{"line":287,"type":"binary-expr","locations":[{"start":{"line":287,"column":18},"end":{"line":287,"column":27}},{"start":{"line":287,"column":31},"end":{"line":287,"column":38}}]}},"code":["// jscs:disable jsDoc","'use strict';","","var _ = require('underscore'),","  path = require('path'),","  fs = require('fs-extended'),","  async = require('async'),","  config = require('./lib/config'),","  constants = require('./lib/constants'),","  logger = require('./lib/logger'),","  jobs = require('./lib/jobs'),","  gm = require('gm');","","/**"," * Generates icons"," * @param  {Object}   opts     options"," * @param  {Function} callback callback(err, output)"," */","exports.icons = function(opts, callback) {","  opts = opts || {};","  opts.type = 'icon';","","  // config","  config(opts, function(err, cfg) {","","    if (err) {","      return callback(err);","    }","","    // create tasks","    jobs.createTasks(cfg, function(err, tasks) {","","      if (err) {","        return callback(err);","      }","","      if (cfg.cli) {","        logger.info('Starting ' + _.size(tasks) + ' jobs');","      }","","      // run tasks","      async.parallel(tasks, callback);","","    });","","  });","","};","","/**"," * Generates icons"," * @param  {Object}   opts     options"," * @param  {Function} callback callback(err, output)"," */","exports.splashes = function(opts, callback) {","  opts = opts || {};","  opts.type = 'splash';","","  // config","  config(opts, function(err, cfg) {","","    if (err) {","      return callback(err);","    }","","    // create tasks","    jobs.createTasks(cfg, function(err, tasks) {","","      if (err) {","        return callback(err);","      }","","      if (cfg.cli) {","        logger.info('Starting ' + _.size(tasks) + ' jobs');","      }","","      // run tasks","      async.parallel(tasks, callback);","","    });","","  });","","};","","/**"," * Generates assets"," * @param  {Object}   opts     options"," * @param  {Function} callback callback(err, output)"," */","exports.assets = function(opts, callback) {","  opts = opts || {};","  opts.type = 'asset';","","  // config","  config(opts, function(err, cfg) {","","    if (err) {","      return callback(err);","    }","","    var stat = fs.statSync(cfg.input);","    var files = [];","","    var inputIsUnderOutput = cfg.input.indexOf(path.join(cfg.outputDir, cfg.assetsDir)) === 0;","","    jobs.getSpecs(cfg, function(err, specs) {","      var outputSpecs = {};","      var inputSpec;","","      _.each(specs, function(spec, name) {","","        if (!inputSpec) {","          var re = new RegExp((spec.suffix || '') + '\\.(png|jpg)$');","","          // if input is not under output","          if (!inputIsUnderOutput) {","","            // and the user has specified dpi","            if (cfg.origDpi) {","","              // and this spec matches","              if (spec.dpi === cfg.origDpi) {","                inputSpec = spec;","              }","","            } else {","","              // if this spec has a suffix we can and do match","              if (spec.suffix && stat.isFile() && cfg.input.match(re)) {","                inputSpec = spec;","              }","            }","","            // since our input is not under ouput, we need to override the output path","            if (inputSpec) {","              inputSpec = _.defaults({","                output: stat.isFile() ? path.dirname(cfg.input) : cfg.input","              }, inputSpec);","            }","","          } else {","","            // our input is under this specific spec path","            if (cfg.input.substr(0, spec.output.length) === spec.output) {","","              // this spec has NO suffix we need to match as well","              if (!spec.suffix) {","                inputSpec = spec;","                return; // skip this spec as output","              }","","              // the input is a file","              if (stat.isFile()) {","","                // which matches the suffix","                if (cfg.input.match(re)) {","                  inputSpec = spec;","                  return; // skip this spec as output","                }","","              } else {","","                // see if there are files under the path that match the suffix","                var suffixFiles = fs.listFilesSync(cfg.input, {","                  recursive: true,","                  prependDir: true,","                  filter: function(itemPath, itemStat) {","                    return itemPath.match(re);","                  }","                });","","                // there are","                if (suffixFiles.length > 0) {","                  inputSpec = spec;","                  return; // skip this spec as output","                }","              }","            }","          }","        }","","        // include this spec in the output","        outputSpecs[name] = spec;","      });","","      if (!inputSpec) {","        return callback('Could not identify input density.');","      }","","      if (outputSpecs['android-res-mdpi'] && outputSpecs['ios-images']) {","        delete outputSpecs['android-res-mdpi'];","      }","","      if (stat.isDirectory()) {","","        files = fs.listFilesSync(cfg.input, {","          recursive: true,","          prependDir: true,","          filter: function(itemPath, itemStat) {","","            // only filter on suffix if our input is in our output dir","            return itemPath.match(new RegExp(((!inputIsUnderOutput || !inputSpec.suffix) ? '' : inputSpec.suffix) + '\\.(png|jpg)$'));","          }","        });","","      } else {","        files.push(cfg.input);","      }","","      if (files.length === 0) {","        return callback('Could not find input images.');","      }","","      var tasks = [];","","      _.each(files, function(source) {","        var sourceTime = fs.statSync(source).mtime;","        var relativePath = source.substr(inputSpec.output.length);","","        // replace any suffixes from our source","        relativePath = relativePath.replace(/(?:@[0-9]x|~[a-z]+)(\\.[a-z]+)$/, '$1');","","        _.each(outputSpecs, function(spec, n) {","","          if (spec.dpi > inputSpec.dpi) {","            logger.info('Skipped higher dpi: ' + spec.name.cyan);","","            return;","          }","","          var target = path.join(spec.output, relativePath);","","          if (spec.suffix) {","            target = target.replace(/(\\.(png|jpg)+)$/i, spec.suffix + '$1');","          }","","          if (!fs.existsSync(target.replace(/(\\.png)$/, '.9$1')) && (!fs.existsSync(target) || (sourceTime > fs.statSync(target).mtime))) {","","            tasks.push(function(callback) {","","              if (inputSpec.dpi === spec.dpi) {","                fs.copyFileSync(source, target);","","                // async feedback for CLI","                if (cfg.cli) {","                  logger.info('Copied: ' + target.cyan);","                }","","                return callback(null, target);","              }","","              fs.createDirSync(path.dirname(target));","","              var im = gm.subClass({","                imageMagick: true","              });","","              // read","              var convert = im(source);","","              // resize","              convert.in('-resize', ((spec.dpi / inputSpec.dpi) * 100) + '%');","","              // show command","              if (cfg.trace) {","                logger.debug('Executing: ' + convert.args().join(' ').cyan);","              }","","              convert.write(target, function(err) {","","                if (err) {","                  return callback(err);","                }","","                // async feedback for CLI","                if (cfg.cli) {","                  logger.info('Generated: ' + target.cyan);","                }","","                // pass back output","                callback(null, target);","","              });","","              // show command","              if (cfg.trace && cfg.cli) {","                logger.debug('Executing: ' + convert.args().join(' ').cyan);","              }","","            });","","          }","","        });","","      });","","      async.series(tasks, callback);","    });","","  });","","};",""],"l":{"4":1,"19":1,"20":0,"21":0,"24":0,"26":0,"27":0,"31":0,"33":0,"34":0,"37":0,"38":0,"42":0,"55":1,"56":0,"57":0,"60":0,"62":0,"63":0,"67":0,"69":0,"70":0,"73":0,"74":0,"78":0,"91":1,"92":0,"93":0,"96":0,"98":0,"99":0,"102":0,"103":0,"105":0,"107":0,"108":0,"109":0,"111":0,"113":0,"114":0,"117":0,"120":0,"123":0,"124":0,"130":0,"131":0,"136":0,"137":0,"145":0,"148":0,"149":0,"150":0,"154":0,"157":0,"158":0,"159":0,"165":0,"169":0,"174":0,"175":0,"176":0,"184":0,"187":0,"188":0,"191":0,"192":0,"195":0,"197":0,"203":0,"208":0,"211":0,"212":0,"215":0,"217":0,"218":0,"219":0,"222":0,"224":0,"226":0,"227":0,"229":0,"232":0,"234":0,"235":0,"238":0,"240":0,"242":0,"243":0,"246":0,"247":0,"250":0,"253":0,"255":0,"260":0,"263":0,"266":0,"267":0,"270":0,"272":0,"273":0,"277":0,"278":0,"282":0,"287":0,"288":0,"299":0}},"/home/travis/build/npmtest/node-npmtest-ticons/node_modules/ticons/lib/config.js":{"path":"/home/travis/build/npmtest/node-npmtest-ticons/node_modules/ticons/lib/config.js","s":{"1":1,"2":1,"3":0,"4":0,"5":0,"6":0,"7":0,"8":0,"9":0,"10":0,"11":0,"12":0,"13":0,"14":0,"15":0,"16":0,"17":0,"18":0,"19":0,"20":0,"21":0,"22":0,"23":0,"24":0,"25":0,"26":0,"27":0,"28":0,"29":0,"30":0,"31":0,"32":0,"33":0,"34":0,"35":0,"36":0,"37":0,"38":0,"39":0,"40":0,"41":0,"42":0,"43":0,"44":0,"45":0,"46":0,"47":0,"48":0,"49":0,"50":0,"51":0,"52":0,"53":0,"54":0,"55":0,"56":0,"57":0,"58":0,"59":0,"60":0,"61":0,"62":0,"63":0,"64":0,"65":0,"66":0,"67":0,"68":0,"69":0,"70":0,"71":0,"72":0,"73":0,"74":0,"75":0,"76":0,"77":0,"78":0,"79":0,"80":0,"81":0,"82":0,"83":0,"84":0,"85":0,"86":0,"87":0,"88":0,"89":0,"90":0,"91":0,"92":0,"93":0,"94":0,"95":0,"96":0,"97":0,"98":0,"99":0,"100":0,"101":0,"102":0,"103":0,"104":0,"105":0,"106":0,"107":0,"108":0,"109":0,"110":0,"111":0,"112":0,"113":0,"114":0,"115":0,"116":0,"117":0,"118":0,"119":0,"120":0,"121":0,"122":0,"123":0,"124":0,"125":0,"126":0,"127":0,"128":0,"129":0,"130":0,"131":0,"132":0,"133":0,"134":0,"135":0,"136":0,"137":0,"138":0,"139":0,"140":0,"141":0,"142":0,"143":0,"144":0,"145":0,"146":0,"147":0,"148":0,"149":0,"150":0,"151":0,"152":0,"153":0,"154":0,"155":0,"156":0,"157":0,"158":0,"159":0,"160":0,"161":0,"162":0,"163":0,"164":0,"165":0,"166":0,"167":0,"168":0,"169":0,"170":0,"171":0,"172":0,"173":0,"174":0,"175":0,"176":0,"177":0,"178":0,"179":0,"180":0,"181":0,"182":0,"183":0,"184":0,"185":0,"186":0,"187":0,"188":0,"189":0,"190":0,"191":0,"192":0,"193":0,"194":0,"195":0,"196":0,"197":0,"198":0,"199":0,"200":0,"201":0,"202":0,"203":0,"204":0,"205":0,"206":0,"207":0,"208":0,"209":0,"210":0,"211":0,"212":0,"213":0,"214":0},"b":{"1":[0,0],"2":[0,0],"3":[0,0],"4":[0,0],"5":[0,0],"6":[0,0],"7":[0,0],"8":[0,0],"9":[0,0],"10":[0,0],"11":[0,0],"12":[0,0],"13":[0,0],"14":[0,0],"15":[0,0],"16":[0,0],"17":[0,0],"18":[0,0],"19":[0,0],"20":[0,0],"21":[0,0],"22":[0,0],"23":[0,0],"24":[0,0],"25":[0,0],"26":[0,0],"27":[0,0],"28":[0,0],"29":[0,0],"30":[0,0],"31":[0,0],"32":[0,0],"33":[0,0],"34":[0,0],"35":[0,0],"36":[0,0],"37":[0,0,0],"38":[0,0],"39":[0,0],"40":[0,0,0],"41":[0,0],"42":[0,0],"43":[0,0],"44":[0,0],"45":[0,0],"46":[0,0],"47":[0,0],"48":[0,0],"49":[0,0],"50":[0,0],"51":[0,0],"52":[0,0],"53":[0,0],"54":[0,0],"55":[0,0],"56":[0,0],"57":[0,0],"58":[0,0],"59":[0,0],"60":[0,0],"61":[0,0],"62":[0,0],"63":[0,0],"64":[0,0],"65":[0,0],"66":[0,0],"67":[0,0],"68":[0,0],"69":[0,0],"70":[0,0],"71":[0,0],"72":[0,0],"73":[0,0],"74":[0,0],"75":[0,0],"76":[0,0],"77":[0,0],"78":[0,0],"79":[0,0],"80":[0,0],"81":[0,0],"82":[0,0],"83":[0,0],"84":[0,0],"85":[0,0],"86":[0,0],"87":[0,0],"88":[0,0],"89":[0,0],"90":[0,0],"91":[0,0],"92":[0,0],"93":[0,0]},"f":{"1":0,"2":0,"3":0,"4":0,"5":0,"6":0,"7":0,"8":0,"9":0,"10":0,"11":0,"12":0,"13":0,"14":0,"
[...]
Android"," */","","// Google Play","exports['android-MarketplaceArtwork'] = {","  type: 'icon',","  path: path.join('MarketplaceArtwork.png'),","  size: 512,","  platforms: ['android']","};","exports['android-MarketplaceArtworkFeature'] = {","  type: 'splash',","  path: path.join('MarketplaceArtworkFeature.png'),","  alsoNine: true,","  width: 1024,","  height: 500,","  platforms: ['android']","};","","// icons","exports['android-appicon'] = {","  type: 'icon',","  path: path.join(':assets:', 'android', 'appicon.png'),","  size: 128,","  alpha: true,","  platforms: ['android']","};","exports['android-appicon-ldpi'] = {","  type: 'icon',","  path: path.join(':platform:', 'android', 'res', 'drawable-ldpi', 'appicon.png'),","  size: 36,","  alpha: true,","  dpi: constants.dpi.ldpi,","  platforms: ['android']","};","exports['android-appicon-mdpi'] = {","  type: 'icon',","  path: path.join(':platform:', 'android', 'res', 'drawable-mdpi', 'appicon.png'),","  size: 48,","  alpha: true,","  dpi: constants.dpi.mdpi,","  platforms: ['android']","};","exports['android-appicon-hdpi'] = {","  type: 'icon',","  path: path.join(':platform:', 'android', 'res', 'drawable-hdpi', 'appicon.png'),","  size: 72,","  alpha: true,","  dpi: constants.dpi.hdpi,","  platforms: ['android']","};","exports['android-appicon-xhdpi'] = {","  type: 'icon',","  path: path.join(':platform:', 'android', 'res', 'drawable-xhdpi', 'appicon.png'),","  size: 96,","  alpha: true,","  dpi: constants.dpi.xhdpi,","  platforms: ['android']","};","exports['android-appicon-xxhdpi'] = {","  type: 'icon',","  path: path.join(':platform:', 'android', 'res', 'drawable-xxhdpi', 'appicon.png'),","  size: 144,","  alpha: true,","  dpi: constants.dpi.xxhdpi,","  platforms: ['android']","};","exports['android-appicon-xxxhdpi'] = {","  type: 'icon',","  path: path.join(':platform:', 'android', 'res', 'drawable-xxxhdpi', 'appicon.png'),","  size: 192,","  alpha: true,","  dpi: constants.dpi.xxxhdpi,","  platforms: ['android']","};","","// splashes","exports['android-default'] = { // mdpi","  type: 'splash',","  path: path.join(':assets:', 'android', 'default.png'),","  width: 320,","  height: 480,","  platforms: ['android']","};","exports['android-default-long-land-xxxhdpi'] = {","  type: 'splash',","  path: path.join(':assets:', 'android', 'images', 'res-long-land-xxxhdpi', 'default.png'),","  localePath: path.join(':assets:', 'android', 'images', 'res-:locale:-long-land-xxxhdpi', 'default.png'),","  width: 1920,","  height: 1280,","  dpi: constants.dpi.xxxhdpi,","  platforms: ['android'],","  orientation: 'landscape'","};","exports['android-default-long-land-xxhdpi'] = {","  type: 'splash',","  path: path.join(':assets:', 'android', 'images', 'res-long-land-xxhdpi', 'default.png'),","  localePath: path.join(':assets:', 'android', 'images', 'res-:locale:-long-land-xxhdpi', 'default.png'),","  width: 1600,","  height: 960,","  dpi: constants.dpi.xxhdpi,","  platforms: ['android'],","  orientation: 'landscape'","};","exports['android-default-long-land-xhdpi'] = {","  type: 'splash',","  path: path.join(':assets:', 'android', 'images', 'res-long-land-xhdpi', 'default.png'),","  localePath: path.join(':assets:', 'android', 'images', 'res-:locale:-long-land-xhdpi', 'default.png'),","  width: 960,","  height: 640,","  dpi: constants.dpi.xhdpi,","  platforms: ['android'],","  orientation: 'landscape'","};","exports['android-default-long-land-hdpi'] = {","  type: 'splash',","  path: path.join(':assets:', 'android', 'images', 'res-long-land-hdpi', 'default.png'),","  localePath: path.join(':assets:', 'android', 'images', 'res-:locale:-long-land-hdpi', 'default.png'),","  width: 800,","  height: 480,","  dpi: constants.dpi.hdpi,","  platforms: ['android'],","  orientation: 'landscape'","};","exports['android-default-long-land-mdpi'] = { // missing in docs and needed because mdpi default is portrait","  type: 'splash',","  path: path.join(':assets:', 'android', 'images', 'res-long-land-mdpi', 'default.png'),","  localePath: path.join(':assets:', 'android', 'images', 'res-:locale:-long-land-mdpi', 'default.png'),","  width: 480,","  height: 320,","  dpi: constants.dpi.mdpi,","  platforms: ['android'],","  orientation: 'landscape'","};","exports['android-default-long-land-ldpi'] = {","  type: 'splash',","  path: path.join(':assets:', 'android', 'images', 'res-long-land-ldpi', 'default.png'),","  localePath: path.join(':assets:', 'android', 'images', 'res-:locale:-long-land-ldpi', 'default.png'),","  width: 400,","  height: 240,","  dpi: constants.dpi.ldpi,","  platforms: ['android'],","  orientation: 'landscape'","};","exports['android-default-long-port-xxxhdpi'] = {","  type: 'splash',","  path: path.join(':assets:', 'android', 'images', 'res-long-port-xxxhdpi', 'default.png'),","  localePath: path.join(':assets:', 'android', 'images', 'res-:locale:-long-port-xxxhdpi', 'default.png'),","  width: 1280,","  height: 1920,","  dpi: constants.dpi.xxxhdpi,","  platforms: ['android'],","  orientation: 'portrait'","};","exports['android-default-long-port-xxhdpi'] = {","  type: 'splash',","  path: path.join(':assets:', 'android', 'images', 'res-long-port-xxhdpi', 'default.png'),","  localePath: path.join(':assets:', 'android', 'images', 'res-:locale:-long-port-xxhdpi', 'default.png'),","  width: 960,","  height: 1600,","  dpi: constants.dpi.xxhdpi,","  platforms: ['android'],","  orientation: 'portrait'","};","exports['android-default-long-port-xhdpi'] = {","  type: 'splash',","  path: path.join(':assets:', 'android', 'images', 'res-long-port-xhdpi', 'default.png'),","  localePath: path.join(':assets:', 'android', 'images', 'res-:locale:-long-port-xhdpi', 'default.png'),","  width: 640,","  height: 960,","  dpi: constants.dpi.xhdpi,","  platforms: ['android'],","  orientation: 'portrait'","};","exports['android-default-long-port-hdpi'] = {","  type: 'splash',","  path: path.join(':assets:', 'android', 'images', 'res-long-port-hdpi', 'default.png'),","  localePath: path.join(':assets:', 'android', 'images', 'res-:locale:-long-port-hdpi', 'default.png'),","  width: 480,","  height: 800,","  dpi: constants.dpi.hdpi,","  platforms: ['android'],","  orientation: 'portrait'","};","exports['android-default-long-port-mdpi'] = { // missing in docs and needed for locale","  type: 'splash',","  path: path.join(':assets:', 'android', 'images', 'res-long-port-mdpi', 'default.png'),","  localePath: path.join(':assets:', 'android', 'images', 'res-:locale:-long-port-mdpi', 'default.png'),","  width: 320,","  height: 480,","  dpi: constants.dpi.mdpi,","  platforms: ['android'],","  orientation: 'portrait'","};","exports['android-default-long-port-ldpi'] = {","  type: 'splash',","  path: path.join(':assets:', 'android', 'images', 'res-long-port-ldpi', 'default.png'),","  localePath: path.join(':assets:', 'android', 'images', 'res-:locale:-long-port-ldpi', 'default.png'),","  width: 240,","  height: 400,","  dpi: constants.dpi.ldpi,","  platforms: ['android'],","  orientation: 'portrait'","};","exports['android-default-notlong-land-xxxhdpi'] = {","  type: 'splash',","  path: path.join(':assets:', 'android', 'images', 'res-notlong-land-xxxhdpi', 'default.png'),","  localePath: path.join(':assets:', 'android', 'images', 'res-:locale:-notlong-land-xxxhdpi', 'default.png'),","  width: 1920,","  height: 1280,","  dpi: constants.dpi.xxhdpi,","  platforms: ['android'],","  orientation: 'landscape'","};","exports['android-default-notlong-land-xxhdpi'] = {","  type: 'splash',","  path: path.join(':assets:', 'android', 'images', 'res-notlong-land-xxhdpi', 'default.png'),","  localePath: path.join(':assets:', 'android', 'images', 'res-:locale:-notlong-land-xxhdpi', 'default.png'),","  width: 1600,","  height: 960,","  dpi: constants.dpi.xxhdpi,","  platforms: ['android'],","  orientation: 'landscape'","};","exports['android-default-notlong-land-xhdpi'] = {","  type: 'splash',","  path: path.join(':assets:', 'android', 'images', 'res-notlong-land-xhdpi', 'default.png'),","  localePath: path.join(':assets:', 'android', 'images', 'res-:locale:-notlong-land-xhdpi', 'default.png'),","  width: 960,","  height: 640,","  dpi: constants.dpi.xhdpi,","  platforms: ['android'],","  orientation: 'landscape'","};","exports['android-default-notlong-land-hdpi'] = {","  type: 'splash',","  path: path.join(':assets:', 'android', 'images', 'res-notlong-land-hdpi', 'default.png'),","  localePath: path.join(':assets:', 'android', 'images', 'res-:locale:-notlong-land-hdpi', 'default.png'),","  width: 800,","  widthFix: 640,","  height: 480,","  dpi: constants.dpi.hdpi,","  platforms: ['android'],","  orientation: 'landscape'","};","exports['android-default-notlong-land-mdpi'] = {","  type: 'splash',","  path: path.join(':assets:', 'android', 'images', 'res-notlong-land-mdpi', 'default.png'),","  localePath: path.join(':assets:', 'android', 'images', 'res-:locale:-notlong-land-mdpi', 'default.png'),","  width: 480,","  height: 320,","  dpi: constants.dpi.mdpi,","  platforms: ['android'],","  orientation: 'landscape'","};","exports['android-default-notlong-land-ldpi'] = {","  type: 'splash',","  path: path.join(':assets:', 'android', 'images', 'res-notlong-land-ldpi', 'default.png'),","  localePath: path.join(':assets:', 'android', 'images', 'res-:locale:-notlong-land-ldpi', 'default.png'),","  width: 320,","  height: 240,","  dpi: constants.dpi.ldpi,","  platforms: ['android'],","  orientation: 'landscape'","};","exports['android-default-notlong-port-xxxhdpi'] = {","  type: 'splash',","  path: path.join(':assets:', 'android', 'images', 'res-notlong-port-xxxhdpi', 'default.png'),","  localePath: path.join(':assets:', 'android', 'images', 'res-:locale:-notlong-port-xxxhdpi', 'default.png'),","  ninePath: path.join(':platform:', 'android', 'res', 'drawable-xxxhdpi', 'background.9.png'),","  nineLocalePath: path.join(':platform:', 'android', 'res', 'drawable-:locale:-xxxhdpi', 'background.9.png'),","  width: 1280,","  height: 1920,","  dpi: constants.dpi.xxxhdpi,","  platforms: ['android'],","  orientation: 'portrait'","};","exports['android-default-notlong-port-xxhdpi'] = {","  type: 'splash',","  path: path.join(':assets:', 'android', 'images', 'res-notlong-port-xxhdpi', 'default.png'),","  localePath: path.join(':assets:', 'android', 'images', 'res-:locale:-notlong-port-xxhdpi', 'default.png'),","  ninePath: path.join(':platform:', 'android', 'res', 'drawable-xxhdpi', 'background.9.png'),","  nineLocalePath: path.join(':platform:', 'android', 'res', 'drawable-:locale:-xxhdpi', 'background.9.png'),","  width: 960,","  height: 1600,","  dpi: constants.dpi.xxhdpi,","  platforms: ['android'],","  orientation: 'portrait'","};","exports['android-default-notlong-port-xhdpi'] = {","  type: 'splash',","  path: path.join(':assets:', 'android', 'images', 'res-notlong-port-xhdpi', 'default.png'),","  localePath: path.join(':assets:', 'android', 'images', 'res-:locale:-notlong-port-xhdpi', 'default.png'),","  ninePath: path.join(':platform:', 'android', 'res', 'drawable-xhdpi', 'background.9.png'),","  nineLocalePath: path.join(':platform:', 'android', 'res', 'drawable-:locale:-xhdpi', 'background.9.png'),","  width: 640,","  height: 960,","  dpi: constants.dpi.xhdpi,","  platforms: ['android'],","  orientation: 'portrait'","};","exports['android-default-notlong-port-hdpi'] = {","  type: 'splash',","  path: path.join(':assets:', 'android', 'images', 'res-notlong-port-hdpi', 'default.png'),","  localePath: path.join(':assets:', 'android', 'images', 'res-:locale:-notlong-port-hdpi', 'default.png'),","  ninePath: path.join(':platform:', 'android', 'res', 'drawable-hdpi', 'background.9.png'),","  nineLocalePath: path.join(':platform:', 'android', 'res', 'drawable-:locale:-hdpi', 'background.9.png'),","  width: 480,","  height: 800,","  heightFix: 640,","  dpi: constants.dpi.hdpi,","  platforms: ['android'],","  orientation: 'portrait'","};","exports['android-default-notlong-port-mdpi'] = {","  type: 'splash',","  path: path.join(':assets:', 'android', 'images', 'res-notlong-port-mdpi', 'default.png'),","  localePath: path.join(':assets:', 'android', 'images', 'res-:locale:-notlong-port-mdpi', 'default.png'),","  ninePath: path.join(':platform:', 'android', 'res', 'drawable-mdpi', 'background.9.png'),","  nineLocalePath: path.join(':platform:', 'android', 'res', 'drawable-:locale:-mdpi', 'background.9.png'),","  width: 320,","  height: 480,","  dpi: constants.dpi.mdpi,","  platforms: ['android'],","  orientation: 'portrait'","};","exports['android-default-notlong-port-ldpi'] = {","  type: 'splash',","  path: path.join(':assets:', 'android', 'images', 'res-notlong-port-ldpi', 'default.png'),","  localePath: path.join(':assets:', 'android', 'images', 'res-:locale:-notlong-port-ldpi', 'default.png'),","  ninePath: path.join(':platform:', 'android', 'res', 'drawable-ldpi', 'background.9.png'),","  nineLocalePath: path.join(':platform:', 'android', 'res', 'drawable-:locale:-ldpi', 'background.9.png'),","  width: 240,","  height: 320,","  dpi: constants.dpi.ldpi,","  platforms: ['android'],","  orientation: 'portrait'","};","","// assets","exports['android-res-xxxhdpi'] = {","  type: 'asset',","  path: path.join(':assets:', 'android', 'images', 'res-xxxhdpi'),","  dpi: constants.dpi.xxxhdpi,","  platforms: ['android']","};","exports['android-res-xxhdpi'] = {","  type: 'asset',","  path: path.join(':assets:', 'android', 'images', 'res-xxhdpi'),","  dpi: constants.dpi.xxhdpi,","  platforms: ['android']","};","exports['android-res-xhdpi'] = {","  type: 'asset',","  path: path.join(':assets:', 'android', 'images', 'res-xhdpi'),","  dpi: constants.dpi.xhdpi,","  platforms: ['android']","};","exports['android-res-hdpi'] = {","  type: 'asset',","  path: path.join(':assets:', 'android', 'images', 'res-hdpi'),","  dpi: constants.dpi.hdpi,","  platforms: ['android']","};","exports['android-res-mdpi'] = {","  type: 'asset',","  path: path.join(':assets:', 'android', 'images', 'res-mdpi'),","  dpi: constants.dpi.mdpi,","  platforms: ['android']","};","exports['android-res-ldpi'] = {","  type: 'asset',","  path: path.join(':assets:', 'android', 'images', 'res-ldpi'),","  dpi: constants.dpi.ldpi,","  platforms: ['android']","};","","/**"," * Mobile Web"," */","","// icons","exports['mobileweb-appicon'] = {","  type: 'icon',","  path: path.join(':assets:', 'mobileweb', 'appicon.png'),","  size: 128,","  alpha: true,","  platforms: ['mobileweb']","};","","// splashes","exports['mobileweb-Default-jpg'] = {","  type: 'splash',","  path: path.join(':assets:', 'mobileweb', 'apple_startup_images', 'Default.jpg'),","  width: 320,","  height: 460,","  platforms: ['mobileweb']","};","exports['mobileweb-Default-png'] = {","  type: 'splash',","  path: path.join(':assets:', 'mobileweb', 'apple_startup_images', 'Default.png'),","  width: 320,","  height: 460,","  platforms: ['mobileweb']","};","exports['mobileweb-Default-Landscape-jpg'] = {","  type: 'splash',","  path: path.join(':assets:', 'mobileweb', 'apple_startup_images', 'Default-Landscape.jpg'),","  width: 768,","  height: 1024,","  rotate: 90,","  platforms: ['mobileweb'],","  orientation: 'landscape'","};","exports['mobileweb-Default-Landscape-png'] = {","  type: 'splash',","  path: path.join(':assets:', 'mobileweb', 'apple_startup_images', 'Default-Landscape.png'),","  width: 768,","  height: 1024,","  rotate: 90,","  platforms: ['mobileweb'],","  orientation: 'landscape'","};","exports['mobileweb-Default-Portrait-jpg'] = {","  type: 'splash',","  path: path.join(':assets:', 'mobileweb', 'apple_startup_images', 'Default-Portrait.jpg'),","  width: 768,","  height: 1024,","  platforms: ['mobileweb'],","  orientation: 'portrait'","};","exports['mobileweb-Default-Portrait-png'] = {","  type: 'splash',","  path: path.join(':assets:', 'mobileweb', 'apple_startup_images', 'Default-Portrait.png'),","  width: 768,","  height: 1024,","  platforms: ['mobileweb'],","  orientation: 'portrait'","};","","/**"," * Windows"," */","","// DefaultIcon","exports['windows-DefaultIcon'] = {","  type: 'icon',","  path: path.join('DefaultIcon-windows.png'),","  size: 1024,","  alpha: true,","  platforms: ['windows']","};","","// icons","exports['windows-appicon'] = {","  type: 'icon',","  path: path.join(':assets:', 'windows', 'appicon.png'),","  size: 100,","  alpha: true,","  platforms: ['windows'],","  sdkVersion: '<5.1.0'","};","exports['windows-Logo'] = {","  type: 'icon',","  path: path.join(':assets:', 'windows', 'Logo.png'),","  size: 150,","  alpha: true,","  platforms: ['windows'],","  sdkVersion: '<5.1.0'","};","exports['windows-SmallLogo'] = {","  type: 'icon',","  path: path.join(':assets:', 'windows', 'SmallLogo.png'),","  size: 30,","  alpha: true,","  platforms: ['windows'],","  sdkVersion: '<5.1.0'","};","exports['windows-StoreLogo'] = {","  type: 'icon',","  path: path.join(':assets:', 'windows', 'StoreLogo.png'),","  size: 50,","  alpha: true,","  platforms: ['windows'],","  sdkVersion: '<5.1.0'","};","exports['windows-Square44x44Logo'] = {","  type: 'icon',","  path: path.join(':assets:', 'windows', 'Square44x44Logo.png'),","  size: 44,","  alpha: true,","  platforms: ['windows'],","  sdkVersion: '<5.1.0'","};","exports['windows-Square71x71Logo'] = {","  type: 'icon',","  path: path.join(':assets:', 'windows', 'Square71x71Logo.png'),","  size: 71,","  alpha: true,","  platforms: ['windows'],","  sdkVersion: '<5.1.0'","};","exports['windows-Square150x150Logo'] = {","  type: 'icon',","  path: path.join(':assets:', 'windows', 'Square150x150Logo.png'),","  size: 150,","  alpha: true,","  platforms: ['windows'],","  sdkVersion: '<5.1.0'","};","","// splashes","exports['windows-SplashScreen'] = {","  type: 'splash',","  path: path.join(':assets:', 'windows', 'SplashScreen.png'),","  width: 620,","  height: 300,","  platforms: ['windows']","};","exports['windows-SplashScreen.scale-240'] = {","  type: 'splash',","  path: path.join(':assets:', 'windows', 'SplashScreen.scale-240.png'),","  width: 1152,","  height: 1920,","  platforms: ['windows']","};","","/**"," * Tizen"," */","","// icons","exports['tizen-appicon'] = {","  type: 'icon',","  path: path.join(':assets:', 'tizen', 'appicon.png'),","  size: 96,","  alpha: true,","  platforms: ['tizen']","};","","/**"," * BlackBerry"," */","","// icons","exports['blackberry-appicon'] = {","  type: 'icon',","  path: path.join(':assets:', 'blackberry', 'appicon.png'),","  size: 114,","  alpha: true,","  platforms: ['blackberry']","};","","// splashes","exports['blackberry-splash-600x1024'] = {","  type: 'splash',","  path: path.join(':assets:', 'blackberry', 'splash-600x1024.png'),","  width: 768,","  height: 1280,","  platforms: ['blackberry']","};","exports['blackberry-splash-720x720'] = {","  type: 'splash',","  path: path.join(':assets:', 'blackberry', 'splash-720x720.png'),","  width: 720,","  height: 720,","  platforms: ['blackberry']","};","exports['blackberry-splash-768x1280'] = {","  type: 'splash',","  path: path.join(':assets:', 'blackberry', 'splash-768x1280.png'),","  width: 768,","  height: 1280,","  platforms: ['blackberry']","};",""],"l":{"4":1,"7":1,"19":1,"27":1,"34":1,"43":1,"50":1,"58":1,"66":1,"74":1,"82":1,"90":1,"98":1,"106":1,"116":1,"123":1,"130":1,"138":1,"146":1,"154":1,"162":1,"170":1,"180":1,"186":1,"192":1,"198":1,"204":1,"210":1,"216":1,"222":1,"230":1,"239":1,"247":1,"255":1,"263":1,"271":1,"279":1,"289":1,"299":1,"309":1,"320":1,"329":1,"338":1,"347":1,"356":1,"367":1,"374":1,"381":1,"393":1,"399":1,"409":1,"416":1,"424":1,"432":1,"440":1,"448":1,"456":1,"466":1,"473":1,"483":1,"493":1,"503":1,"513":1,"523":1,"533":1,"543":1,"553":1,"563":1,"573":1,"583":1,"593":1,"603":1,"613":1,"623":1,"634":1,"644":1,"654":1,"666":1,"678":1,"690":1,"703":1,"715":1,"729":1,"735":1,"741":1,"747":1,"753":1,"759":1,"771":1,"780":1,"787":1,"794":1,"803":1,"812":1,"820":1,"834":1,"843":1,"851":1,"859":1,"867":1,"875":1,"883":1,"891":1,"901":1,"908":1,"921":1,"934":1,"943":1,"950":1,"957":1}}}